This is pdfTeX, Version 3.1415926-2.4-1.40.13 (TeX Live 2012/Debian) (format=pdflatex 2013.1.23)  6 MAR 2013 13:03
entering extended mode
 restricted \write18 enabled.
 %&-line parsing enabled.
**refman
(./refman.tex
LaTeX2e <2011/06/27>
Babel <v3.8m> and hyphenation patterns for english, dumylang, nohyphenation, lo
aded.
(/usr/share/texlive/texmf-dist/tex/latex/base/book.cls
Document Class: book 2007/10/19 v1.4h Standard LaTeX document class
(/usr/share/texlive/texmf-dist/tex/latex/base/bk10.clo
File: bk10.clo 2007/10/19 v1.4h Standard LaTeX file (size option)
)
\c@part=\count79
\c@chapter=\count80
\c@section=\count81
\c@subsection=\count82
\c@subsubsection=\count83
\c@paragraph=\count84
\c@subparagraph=\count85
\c@figure=\count86
\c@table=\count87
\abovecaptionskip=\skip41
\belowcaptionskip=\skip42
\bibindent=\dimen102
)
(/usr/share/texlive/texmf-dist/tex/latex/geometry/geometry.sty
Package: geometry 2010/09/12 v5.6 Page Geometry

(/usr/share/texlive/texmf-dist/tex/latex/graphics/keyval.sty
Package: keyval 1999/03/16 v1.13 key=value parser (DPC)
\KV@toks@=\toks14
)
(/usr/share/texlive/texmf-dist/tex/generic/oberdiek/ifpdf.sty
Package: ifpdf 2011/01/30 v2.3 Provides the ifpdf switch (HO)
Package ifpdf Info: pdfTeX in PDF mode is detected.
)
(/usr/share/texlive/texmf-dist/tex/generic/oberdiek/ifvtex.sty
Package: ifvtex 2010/03/01 v1.5 Detect VTeX and its facilities (HO)
Package ifvtex Info: VTeX not detected.
)
(/usr/share/texlive/texmf-dist/tex/generic/ifxetex/ifxetex.sty
Package: ifxetex 2010/09/12 v0.6 Provides ifxetex conditional
)
\Gm@cnth=\count88
\Gm@cntv=\count89
\c@Gm@tempcnt=\count90
\Gm@bindingoffset=\dimen103
\Gm@wd@mp=\dimen104
\Gm@odd@mp=\dimen105
\Gm@even@mp=\dimen106
\Gm@layoutwidth=\dimen107
\Gm@layoutheight=\dimen108
\Gm@layouthoffset=\dimen109
\Gm@layoutvoffset=\dimen110
\Gm@dimlist=\toks15
)
(/usr/share/texlive/texmf-dist/tex/latex/base/makeidx.sty
Package: makeidx 2000/03/29 v1.0m Standard LaTeX package
)
(/usr/share/texlive/texmf-dist/tex/latex/natbib/natbib.sty
Package: natbib 2010/09/13 8.31b (PWD, AO)
\bibhang=\skip43
\bibsep=\skip44
LaTeX Info: Redefining \cite on input line 694.
\c@NAT@ctr=\count91
)
(/usr/share/texlive/texmf-dist/tex/latex/graphics/graphicx.sty
Package: graphicx 1999/02/16 v1.0f Enhanced LaTeX Graphics (DPC,SPQR)

(/usr/share/texlive/texmf-dist/tex/latex/graphics/graphics.sty
Package: graphics 2009/02/05 v1.0o Standard LaTeX Graphics (DPC,SPQR)

(/usr/share/texlive/texmf-dist/tex/latex/graphics/trig.sty
Package: trig 1999/03/16 v1.09 sin cos tan (DPC)
)
(/usr/share/texlive/texmf-dist/tex/latex/latexconfig/graphics.cfg
File: graphics.cfg 2010/04/23 v1.9 graphics configuration of TeX Live
)
Package graphics Info: Driver file: pdftex.def on input line 91.

(/usr/share/texlive/texmf-dist/tex/latex/pdftex-def/pdftex.def
File: pdftex.def 2011/05/27 v0.06d Graphics/color for pdfTeX

(/usr/share/texlive/texmf-dist/tex/generic/oberdiek/infwarerr.sty
Package: infwarerr 2010/04/08 v1.3 Providing info/warning/error messages (HO)
)
(/usr/share/texlive/texmf-dist/tex/generic/oberdiek/ltxcmds.sty
Package: ltxcmds 2011/11/09 v1.22 LaTeX kernel commands for general use (HO)
)
\Gread@gobject=\count92
))
\Gin@req@height=\dimen111
\Gin@req@width=\dimen112
)
(/usr/share/texlive/texmf-dist/tex/latex/tools/multicol.sty
Package: multicol 2011/06/27 v1.7a multicolumn formatting (FMi)
\c@tracingmulticols=\count93
\mult@box=\box26
\multicol@leftmargin=\dimen113
\c@unbalance=\count94
\c@collectmore=\count95
\doublecol@number=\count96
\multicoltolerance=\count97
\multicolpretolerance=\count98
\full@width=\dimen114
\page@free=\dimen115
\premulticols=\dimen116
\postmulticols=\dimen117
\multicolsep=\skip45
\multicolbaselineskip=\skip46
\partial@page=\box27
\last@line=\box28
\mult@rightbox=\box29
\mult@grightbox=\box30
\mult@gfirstbox=\box31
\mult@firstbox=\box32
\@tempa=\box33
\@tempa=\box34
\@tempa=\box35
\@tempa=\box36
\@tempa=\box37
\@tempa=\box38
\@tempa=\box39
\@tempa=\box40
\@tempa=\box41
\@tempa=\box42
\@tempa=\box43
\@tempa=\box44
\@tempa=\box45
\@tempa=\box46
\@tempa=\box47
\@tempa=\box48
\@tempa=\box49
\c@columnbadness=\count99
\c@finalcolumnbadness=\count100
\last@try=\dimen118
\multicolovershoot=\dimen119
\multicolundershoot=\dimen120
\mult@nat@firstbox=\box50
\colbreak@box=\box51
\multicol@sort@counter=\count101
)
(/usr/share/texlive/texmf-dist/tex/latex/float/float.sty
Package: float 2001/11/08 v1.3d Float enhancements (AL)
\c@float@type=\count102
\float@exts=\toks16
\float@box=\box52
\@float@everytoks=\toks17
\@floatcapt=\box53
)
(/usr/share/texlive/texmf-dist/tex/latex/listings/listings.sty
\lst@mode=\count103
\lst@gtempboxa=\box54
\lst@token=\toks18
\lst@length=\count104
\lst@currlwidth=\dimen121
\lst@column=\count105
\lst@pos=\count106
\lst@lostspace=\dimen122
\lst@width=\dimen123
\lst@newlines=\count107
\lst@lineno=\count108
\lst@maxwidth=\dimen124

(/usr/share/texlive/texmf-dist/tex/latex/listings/lstmisc.sty
File: lstmisc.sty 2007/02/22 1.4 (Carsten Heinz)
\c@lstnumber=\count109
\lst@skipnumbers=\count110
\lst@framebox=\box55
)
(/usr/share/texlive/texmf-dist/tex/latex/listings/listings.cfg
File: listings.cfg 2007/02/22 1.4 listings configuration
))
Package: listings 2007/02/22 1.4 (Carsten Heinz)

(/usr/share/texlive/texmf-dist/tex/latex/graphics/color.sty
Package: color 2005/11/14 v1.0j Standard LaTeX Color (DPC)

(/usr/share/texlive/texmf-dist/tex/latex/latexconfig/color.cfg
File: color.cfg 2007/01/18 v1.5 color configuration of teTeX/TeXLive
)
Package color Info: Driver file: pdftex.def on input line 130.
)
(/usr/share/texlive/texmf-dist/tex/latex/base/ifthen.sty
Package: ifthen 2001/05/26 v1.1c Standard LaTeX ifthen package (DPC)
)
(/usr/share/texmf/tex/latex/xcolor/xcolor.sty
Package: xcolor 2007/01/21 v2.11 LaTeX color extensions (UK)

(/usr/share/texlive/texmf-dist/tex/latex/latexconfig/color.cfg
File: color.cfg 2007/01/18 v1.5 color configuration of teTeX/TeXLive
)
Package xcolor Info: Driver file: pdftex.def on input line 225.

(/usr/share/texlive/texmf-dist/tex/latex/colortbl/colortbl.sty
Package: colortbl 2012/02/13 v1.0a Color table columns (DPC)

(/usr/share/texlive/texmf-dist/tex/latex/tools/array.sty
Package: array 2008/09/09 v2.4c Tabular extension package (FMi)
\col@sep=\dimen125
\extrarowheight=\dimen126
\NC@list=\toks19
\extratabsurround=\skip47
\backup@length=\skip48
)
\everycr=\toks20
\minrowclearance=\skip49
)
LaTeX Info: Redefining \color on input line 702.
\rownum=\count111
Package xcolor Info: Model `cmy' substituted by `cmy0' on input line 1337.
Package xcolor Info: Model `hsb' substituted by `rgb' on input line 1341.
Package xcolor Info: Model `RGB' extended on input line 1353.
Package xcolor Info: Model `HTML' substituted by `rgb' on input line 1355.
Package xcolor Info: Model `Hsb' substituted by `hsb' on input line 1356.
Package xcolor Info: Model `tHsb' substituted by `hsb' on input line 1357.
Package xcolor Info: Model `HSB' substituted by `hsb' on input line 1358.
Package xcolor Info: Model `Gray' substituted by `gray' on input line 1359.
Package xcolor Info: Model `wave' substituted by `hsb' on input line 1360.
)
(/usr/share/texlive/texmf-dist/tex/latex/base/textcomp.sty
Package: textcomp 2005/09/27 v1.99g Standard LaTeX package
Package textcomp Info: Sub-encoding information:
(textcomp)               5 = only ISO-Adobe without \textcurrency
(textcomp)               4 = 5 + \texteuro
(textcomp)               3 = 4 + \textohm
(textcomp)               2 = 3 + \textestimated + \textcurrency
(textcomp)               1 = TS1 - \textcircled - \t
(textcomp)               0 = TS1 (full)
(textcomp)             Font families with sub-encoding setting implement
(textcomp)             only a restricted character set as indicated.
(textcomp)             Family '?' is the default used for unknown fonts.
(textcomp)             See the documentation for details.
Package textcomp Info: Setting ? sub-encoding to TS1/1 on input line 71.

(/usr/share/texlive/texmf-dist/tex/latex/base/ts1enc.def
File: ts1enc.def 2001/06/05 v3.0e (jk/car/fm) Standard LaTeX file
)
LaTeX Info: Redefining \oldstylenums on input line 266.
Package textcomp Info: Setting cmr sub-encoding to TS1/0 on input line 281.
Package textcomp Info: Setting cmss sub-encoding to TS1/0 on input line 282.
Package textcomp Info: Setting cmtt sub-encoding to TS1/0 on input line 283.
Package textcomp Info: Setting cmvtt sub-encoding to TS1/0 on input line 284.
Package textcomp Info: Setting cmbr sub-encoding to TS1/0 on input line 285.
Package textcomp Info: Setting cmtl sub-encoding to TS1/0 on input line 286.
Package textcomp Info: Setting ccr sub-encoding to TS1/0 on input line 287.
Package textcomp Info: Setting ptm sub-encoding to TS1/4 on input line 288.
Package textcomp Info: Setting pcr sub-encoding to TS1/4 on input line 289.
Package textcomp Info: Setting phv sub-encoding to TS1/4 on input line 290.
Package textcomp Info: Setting ppl sub-encoding to TS1/3 on input line 291.
Package textcomp Info: Setting pag sub-encoding to TS1/4 on input line 292.
Package textcomp Info: Setting pbk sub-encoding to TS1/4 on input line 293.
Package textcomp Info: Setting pnc sub-encoding to TS1/4 on input line 294.
Package textcomp Info: Setting pzc sub-encoding to TS1/4 on input line 295.
Package textcomp Info: Setting bch sub-encoding to TS1/4 on input line 296.
Package textcomp Info: Setting put sub-encoding to TS1/5 on input line 297.
Package textcomp Info: Setting uag sub-encoding to TS1/5 on input line 298.
Package textcomp Info: Setting ugq sub-encoding to TS1/5 on input line 299.
Package textcomp Info: Setting ul8 sub-encoding to TS1/4 on input line 300.
Package textcomp Info: Setting ul9 sub-encoding to TS1/4 on input line 301.
Package textcomp Info: Setting augie sub-encoding to TS1/5 on input line 302.
Package textcomp Info: Setting dayrom sub-encoding to TS1/3 on input line 303.
Package textcomp Info: Setting dayroms sub-encoding to TS1/3 on input line 304.

Package textcomp Info: Setting pxr sub-encoding to TS1/0 on input line 305.
Package textcomp Info: Setting pxss sub-encoding to TS1/0 on input line 306.
Package textcomp Info: Setting pxtt sub-encoding to TS1/0 on input line 307.
Package textcomp Info: Setting txr sub-encoding to TS1/0 on input line 308.
Package textcomp Info: Setting txss sub-encoding to TS1/0 on input line 309.
Package textcomp Info: Setting txtt sub-encoding to TS1/0 on input line 310.
Package textcomp Info: Setting lmr sub-encoding to TS1/0 on input line 311.
Package textcomp Info: Setting lmdh sub-encoding to TS1/0 on input line 312.
Package textcomp Info: Setting lmss sub-encoding to TS1/0 on input line 313.
Package textcomp Info: Setting lmssq sub-encoding to TS1/0 on input line 314.
Package textcomp Info: Setting lmvtt sub-encoding to TS1/0 on input line 315.
Package textcomp Info: Setting qhv sub-encoding to TS1/0 on input line 316.
Package textcomp Info: Setting qag sub-encoding to TS1/0 on input line 317.
Package textcomp Info: Setting qbk sub-encoding to TS1/0 on input line 318.
Package textcomp Info: Setting qcr sub-encoding to TS1/0 on input line 319.
Package textcomp Info: Setting qcs sub-encoding to TS1/0 on input line 320.
Package textcomp Info: Setting qpl sub-encoding to TS1/0 on input line 321.
Package textcomp Info: Setting qtm sub-encoding to TS1/0 on input line 322.
Package textcomp Info: Setting qzc sub-encoding to TS1/0 on input line 323.
Package textcomp Info: Setting qhvc sub-encoding to TS1/0 on input line 324.
Package textcomp Info: Setting futs sub-encoding to TS1/4 on input line 325.
Package textcomp Info: Setting futx sub-encoding to TS1/4 on input line 326.
Package textcomp Info: Setting futj sub-encoding to TS1/4 on input line 327.
Package textcomp Info: Setting hlh sub-encoding to TS1/3 on input line 328.
Package textcomp Info: Setting hls sub-encoding to TS1/3 on input line 329.
Package textcomp Info: Setting hlst sub-encoding to TS1/3 on input line 330.
Package textcomp Info: Setting hlct sub-encoding to TS1/5 on input line 331.
Package textcomp Info: Setting hlx sub-encoding to TS1/5 on input line 332.
Package textcomp Info: Setting hlce sub-encoding to TS1/5 on input line 333.
Package textcomp Info: Setting hlcn sub-encoding to TS1/5 on input line 334.
Package textcomp Info: Setting hlcw sub-encoding to TS1/5 on input line 335.
Package textcomp Info: Setting hlcf sub-encoding to TS1/5 on input line 336.
Package textcomp Info: Setting pplx sub-encoding to TS1/3 on input line 337.
Package textcomp Info: Setting pplj sub-encoding to TS1/3 on input line 338.
Package textcomp Info: Setting ptmx sub-encoding to TS1/4 on input line 339.
Package textcomp Info: Setting ptmj sub-encoding to TS1/4 on input line 340.
)
(/usr/share/texlive/texmf-dist/tex/latex/base/alltt.sty
Package: alltt 1997/06/16 v2.0g defines alltt environment
)
(/usr/share/texlive/texmf-dist/tex/latex/hyperref/hyperref.sty
Package: hyperref 2012/05/13 v6.82q Hypertext links for LaTeX

(/usr/share/texlive/texmf-dist/tex/generic/oberdiek/hobsub-hyperref.sty
Package: hobsub-hyperref 2012/05/28 v1.13 Bundle oberdiek, subset hyperref (HO)


(/usr/share/texlive/texmf-dist/tex/generic/oberdiek/hobsub-generic.sty
Package: hobsub-generic 2012/05/28 v1.13 Bundle oberdiek, subset generic (HO)
Package: hobsub 2012/05/28 v1.13 Construct package bundles (HO)
Package hobsub Info: Skipping package `infwarerr' (already loaded).
Package hobsub Info: Skipping package `ltxcmds' (already loaded).
Package: ifluatex 2010/03/01 v1.3 Provides the ifluatex switch (HO)
Package ifluatex Info: LuaTeX not detected.
Package hobsub Info: Skipping package `ifvtex' (already loaded).
Package: intcalc 2007/09/27 v1.1 Expandable calculations with integers (HO)
Package hobsub Info: Skipping package `ifpdf' (already loaded).
Package: etexcmds 2011/02/16 v1.5 Avoid name clashes with e-TeX commands (HO)
Package etexcmds Info: Could not find \expanded.
(etexcmds)             That can mean that you are not using pdfTeX 1.50 or
(etexcmds)             that some package has redefined \expanded.
(etexcmds)             In the latter case, load this package earlier.
Package: kvsetkeys 2012/04/25 v1.16 Key value parser (HO)
Package: kvdefinekeys 2011/04/07 v1.3 Define keys (HO)
Package: pdftexcmds 2011/11/29 v0.20 Utility functions of pdfTeX for LuaTeX (HO
)
Package pdftexcmds Info: LuaTeX not detected.
Package pdftexcmds Info: \pdf@primitive is available.
Package pdftexcmds Info: \pdf@ifprimitive is available.
Package pdftexcmds Info: \pdfdraftmode found.
Package: pdfescape 2011/11/25 v1.13 Implements pdfTeX's escape features (HO)
Package: bigintcalc 2012/04/08 v1.3 Expandable calculations on big integers (HO
)
Package: bitset 2011/01/30 v1.1 Handle bit-vector datatype (HO)
Package: uniquecounter 2011/01/30 v1.2 Provide unlimited unique counter (HO)
)
Package hobsub Info: Skipping package `hobsub' (already loaded).
Package: letltxmacro 2010/09/02 v1.4 Let assignment for LaTeX macros (HO)
Package: hopatch 2012/05/28 v1.2 Wrapper for package hooks (HO)
Package: xcolor-patch 2011/01/30 xcolor patch
Package: atveryend 2011/06/30 v1.8 Hooks at the very end of document (HO)
Package atveryend Info: \enddocument detected (standard20110627).
Package: atbegshi 2011/10/05 v1.16 At begin shipout hook (HO)
Package: refcount 2011/10/16 v3.4 Data extraction from label references (HO)
Package: hycolor 2011/01/30 v1.7 Color options for hyperref/bookmark (HO)
)
(/usr/share/texlive/texmf-dist/tex/latex/oberdiek/kvoptions.sty
Package: kvoptions 2011/06/30 v3.11 Key value format for package options (HO)
)
\@linkdim=\dimen127
\Hy@linkcounter=\count112
\Hy@pagecounter=\count113

(/usr/share/texlive/texmf-dist/tex/latex/hyperref/pd1enc.def
File: pd1enc.def 2012/05/13 v6.82q Hyperref: PDFDocEncoding definition (HO)
)
\Hy@SavedSpaceFactor=\count114

(/usr/share/texlive/texmf-dist/tex/latex/latexconfig/hyperref.cfg
File: hyperref.cfg 2002/06/06 v1.2 hyperref configuration of TeXLive
)
Package hyperref Info: Option `colorlinks' set `true' on input line 3941.
Package hyperref Info: Option `unicode' set `true' on input line 3941.

(/usr/share/texlive/texmf-dist/tex/latex/hyperref/puenc.def
File: puenc.def 2012/05/13 v6.82q Hyperref: PDF Unicode definition (HO)
)
Package hyperref Info: Hyper figures OFF on input line 4062.
Package hyperref Info: Link nesting OFF on input line 4067.
Package hyperref Info: Hyper index ON on input line 4070.
Package hyperref Info: Plain pages OFF on input line 4077.
Package hyperref Info: Backreferencing ON on input line 4080.
Package hyperref Info: Implicit mode ON; LaTeX internals redefined.
Package hyperref Info: Bookmarks ON on input line 4300.

(/usr/share/texlive/texmf-dist/tex/latex/hyperref/backref.sty
Package: backref 2010/08/30 v1.36 Bibliographical back referencing

(/usr/share/texlive/texmf-dist/tex/latex/oberdiek/rerunfilecheck.sty
Package: rerunfilecheck 2011/04/15 v1.7 Rerun checks for auxiliary files (HO)
Package uniquecounter Info: New unique counter `rerunfilecheck' on input line 2
82.
))
\c@Hy@tempcnt=\count115

(/usr/share/texlive/texmf-dist/tex/latex/url/url.sty
\Urlmuskip=\muskip10
Package: url 2006/04/12  ver 3.3  Verb mode for urls, etc.
)
LaTeX Info: Redefining \url on input line 4653.
\Fld@menulength=\count116
\Field@Width=\dimen128
\Fld@charsize=\dimen129
Package hyperref Info: Hyper figures OFF on input line 5773.
Package hyperref Info: Link nesting OFF on input line 5778.
Package hyperref Info: Hyper index ON on input line 5781.
Package hyperref Info: backreferencing ON on input line 5786.
Package hyperref Info: Link coloring ON on input line 5791.
Package hyperref Info: Link coloring with OCG OFF on input line 5798.
Package hyperref Info: PDF/A mode OFF on input line 5803.
LaTeX Info: Redefining \ref on input line 5843.
LaTeX Info: Redefining \pageref on input line 5847.
\Hy@abspage=\count117
\c@Item=\count118
\c@Hfootnote=\count119
)

Package hyperref Message: Driver: hpdftex.

(/usr/share/texlive/texmf-dist/tex/latex/hyperref/hpdftex.def
File: hpdftex.def 2012/05/13 v6.82q Hyperref driver for pdfTeX
\Fld@listcount=\count120
\c@bookmark@seq@number=\count121
\Hy@SectionHShift=\skip50
)
(/usr/share/texlive/texmf-dist/tex/latex/base/inputenc.sty
Package: inputenc 2008/03/30 v1.1d Input encoding file
\inpenc@prehook=\toks21
\inpenc@posthook=\toks22

(/usr/share/texlive/texmf-dist/tex/latex/base/utf8.def
File: utf8.def 2008/04/05 v1.1m UTF-8 support for inputenc
Now handling font encoding OML ...
... no UTF-8 mapping file for font encoding OML
Now handling font encoding T1 ...
... processing UTF-8 mapping file for font encoding T1

(/usr/share/texlive/texmf-dist/tex/latex/base/t1enc.dfu
File: t1enc.dfu 2008/04/05 v1.1m UTF-8 support for inputenc
   defining Unicode char U+00A1 (decimal 161)
   defining Unicode char U+00A3 (decimal 163)
   defining Unicode char U+00AB (decimal 171)
   defining Unicode char U+00BB (decimal 187)
   defining Unicode char U+00BF (decimal 191)
   defining Unicode char U+00C0 (decimal 192)
   defining Unicode char U+00C1 (decimal 193)
   defining Unicode char U+00C2 (decimal 194)
   defining Unicode char U+00C3 (decimal 195)
   defining Unicode char U+00C4 (decimal 196)
   defining Unicode char U+00C5 (decimal 197)
   defining Unicode char U+00C6 (decimal 198)
   defining Unicode char U+00C7 (decimal 199)
   defining Unicode char U+00C8 (decimal 200)
   defining Unicode char U+00C9 (decimal 201)
   defining Unicode char U+00CA (decimal 202)
   defining Unicode char U+00CB (decimal 203)
   defining Unicode char U+00CC (decimal 204)
   defining Unicode char U+00CD (decimal 205)
   defining Unicode char U+00CE (decimal 206)
   defining Unicode char U+00CF (decimal 207)
   defining Unicode char U+00D0 (decimal 208)
   defining Unicode char U+00D1 (decimal 209)
   defining Unicode char U+00D2 (decimal 210)
   defining Unicode char U+00D3 (decimal 211)
   defining Unicode char U+00D4 (decimal 212)
   defining Unicode char U+00D5 (decimal 213)
   defining Unicode char U+00D6 (decimal 214)
   defining Unicode char U+00D8 (decimal 216)
   defining Unicode char U+00D9 (decimal 217)
   defining Unicode char U+00DA (decimal 218)
   defining Unicode char U+00DB (decimal 219)
   defining Unicode char U+00DC (decimal 220)
   defining Unicode char U+00DD (decimal 221)
   defining Unicode char U+00DE (decimal 222)
   defining Unicode char U+00DF (decimal 223)
   defining Unicode char U+00E0 (decimal 224)
   defining Unicode char U+00E1 (decimal 225)
   defining Unicode char U+00E2 (decimal 226)
   defining Unicode char U+00E3 (decimal 227)
   defining Unicode char U+00E4 (decimal 228)
   defining Unicode char U+00E5 (decimal 229)
   defining Unicode char U+00E6 (decimal 230)
   defining Unicode char U+00E7 (decimal 231)
   defining Unicode char U+00E8 (decimal 232)
   defining Unicode char U+00E9 (decimal 233)
   defining Unicode char U+00EA (decimal 234)
   defining Unicode char U+00EB (decimal 235)
   defining Unicode char U+00EC (decimal 236)
   defining Unicode char U+00ED (decimal 237)
   defining Unicode char U+00EE (decimal 238)
   defining Unicode char U+00EF (decimal 239)
   defining Unicode char U+00F0 (decimal 240)
   defining Unicode char U+00F1 (decimal 241)
   defining Unicode char U+00F2 (decimal 242)
   defining Unicode char U+00F3 (decimal 243)
   defining Unicode char U+00F4 (decimal 244)
   defining Unicode char U+00F5 (decimal 245)
   defining Unicode char U+00F6 (decimal 246)
   defining Unicode char U+00F8 (decimal 248)
   defining Unicode char U+00F9 (decimal 249)
   defining Unicode char U+00FA (decimal 250)
   defining Unicode char U+00FB (decimal 251)
   defining Unicode char U+00FC (decimal 252)
   defining Unicode char U+00FD (decimal 253)
   defining Unicode char U+00FE (decimal 254)
   defining Unicode char U+00FF (decimal 255)
   defining Unicode char U+0102 (decimal 258)
   defining Unicode char U+0103 (decimal 259)
   defining Unicode char U+0104 (decimal 260)
   defining Unicode char U+0105 (decimal 261)
   defining Unicode char U+0106 (decimal 262)
   defining Unicode char U+0107 (decimal 263)
   defining Unicode char U+010C (decimal 268)
   defining Unicode char U+010D (decimal 269)
   defining Unicode char U+010E (decimal 270)
   defining Unicode char U+010F (decimal 271)
   defining Unicode char U+0110 (decimal 272)
   defining Unicode char U+0111 (decimal 273)
   defining Unicode char U+0118 (decimal 280)
   defining Unicode char U+0119 (decimal 281)
   defining Unicode char U+011A (decimal 282)
   defining Unicode char U+011B (decimal 283)
   defining Unicode char U+011E (decimal 286)
   defining Unicode char U+011F (decimal 287)
   defining Unicode char U+0130 (decimal 304)
   defining Unicode char U+0131 (decimal 305)
   defining Unicode char U+0132 (decimal 306)
   defining Unicode char U+0133 (decimal 307)
   defining Unicode char U+0139 (decimal 313)
   defining Unicode char U+013A (decimal 314)
   defining Unicode char U+013D (decimal 317)
   defining Unicode char U+013E (decimal 318)
   defining Unicode char U+0141 (decimal 321)
   defining Unicode char U+0142 (decimal 322)
   defining Unicode char U+0143 (decimal 323)
   defining Unicode char U+0144 (decimal 324)
   defining Unicode char U+0147 (decimal 327)
   defining Unicode char U+0148 (decimal 328)
   defining Unicode char U+014A (decimal 330)
   defining Unicode char U+014B (decimal 331)
   defining Unicode char U+0150 (decimal 336)
   defining Unicode char U+0151 (decimal 337)
   defining Unicode char U+0152 (decimal 338)
   defining Unicode char U+0153 (decimal 339)
   defining Unicode char U+0154 (decimal 340)
   defining Unicode char U+0155 (decimal 341)
   defining Unicode char U+0158 (decimal 344)
   defining Unicode char U+0159 (decimal 345)
   defining Unicode char U+015A (decimal 346)
   defining Unicode char U+015B (decimal 347)
   defining Unicode char U+015E (decimal 350)
   defining Unicode char U+015F (decimal 351)
   defining Unicode char U+0160 (decimal 352)
   defining Unicode char U+0161 (decimal 353)
   defining Unicode char U+0162 (decimal 354)
   defining Unicode char U+0163 (decimal 355)
   defining Unicode char U+0164 (decimal 356)
   defining Unicode char U+0165 (decimal 357)
   defining Unicode char U+016E (decimal 366)
   defining Unicode char U+016F (decimal 367)
   defining Unicode char U+0170 (decimal 368)
   defining Unicode char U+0171 (decimal 369)
   defining Unicode char U+0178 (decimal 376)
   defining Unicode char U+0179 (decimal 377)
   defining Unicode char U+017A (decimal 378)
   defining Unicode char U+017B (decimal 379)
   defining Unicode char U+017C (decimal 380)
   defining Unicode char U+017D (decimal 381)
   defining Unicode char U+017E (decimal 382)
   defining Unicode char U+200C (decimal 8204)
   defining Unicode char U+2013 (decimal 8211)
   defining Unicode char U+2014 (decimal 8212)
   defining Unicode char U+2018 (decimal 8216)
   defining Unicode char U+2019 (decimal 8217)
   defining Unicode char U+201A (decimal 8218)
   defining Unicode char U+201C (decimal 8220)
   defining Unicode char U+201D (decimal 8221)
   defining Unicode char U+201E (decimal 8222)
   defining Unicode char U+2030 (decimal 8240)
   defining Unicode char U+2031 (decimal 8241)
   defining Unicode char U+2039 (decimal 8249)
   defining Unicode char U+203A (decimal 8250)
   defining Unicode char U+2423 (decimal 9251)
)
Now handling font encoding OT1 ...
... processing UTF-8 mapping file for font encoding OT1

(/usr/share/texlive/texmf-dist/tex/latex/base/ot1enc.dfu
File: ot1enc.dfu 2008/04/05 v1.1m UTF-8 support for inputenc
   defining Unicode char U+00A1 (decimal 161)
   defining Unicode char U+00A3 (decimal 163)
   defining Unicode char U+00B8 (decimal 184)
   defining Unicode char U+00BF (decimal 191)
   defining Unicode char U+00C5 (decimal 197)
   defining Unicode char U+00C6 (decimal 198)
   defining Unicode char U+00D8 (decimal 216)
   defining Unicode char U+00DF (decimal 223)
   defining Unicode char U+00E6 (decimal 230)
   defining Unicode char U+00EC (decimal 236)
   defining Unicode char U+00ED (decimal 237)
   defining Unicode char U+00EE (decimal 238)
   defining Unicode char U+00EF (decimal 239)
   defining Unicode char U+00F8 (decimal 248)
   defining Unicode char U+0131 (decimal 305)
   defining Unicode char U+0141 (decimal 321)
   defining Unicode char U+0142 (decimal 322)
   defining Unicode char U+0152 (decimal 338)
   defining Unicode char U+0153 (decimal 339)
   defining Unicode char U+2013 (decimal 8211)
   defining Unicode char U+2014 (decimal 8212)
   defining Unicode char U+2018 (decimal 8216)
   defining Unicode char U+2019 (decimal 8217)
   defining Unicode char U+201C (decimal 8220)
   defining Unicode char U+201D (decimal 8221)
)
Now handling font encoding OMS ...
... processing UTF-8 mapping file for font encoding OMS

(/usr/share/texlive/texmf-dist/tex/latex/base/omsenc.dfu
File: omsenc.dfu 2008/04/05 v1.1m UTF-8 support for inputenc
   defining Unicode char U+00A7 (decimal 167)
   defining Unicode char U+00B6 (decimal 182)
   defining Unicode char U+00B7 (decimal 183)
   defining Unicode char U+2020 (decimal 8224)
   defining Unicode char U+2021 (decimal 8225)
   defining Unicode char U+2022 (decimal 8226)
)
Now handling font encoding OMX ...
... no UTF-8 mapping file for font encoding OMX
Now handling font encoding U ...
... no UTF-8 mapping file for font encoding U
Now handling font encoding TS1 ...
... processing UTF-8 mapping file for font encoding TS1

(/usr/share/texlive/texmf-dist/tex/latex/base/ts1enc.dfu
File: ts1enc.dfu 2008/04/05 v1.1m UTF-8 support for inputenc
   defining Unicode char U+00A2 (decimal 162)
   defining Unicode char U+00A3 (decimal 163)
   defining Unicode char U+00A4 (decimal 164)
   defining Unicode char U+00A5 (decimal 165)
   defining Unicode char U+00A6 (decimal 166)
   defining Unicode char U+00A7 (decimal 167)
   defining Unicode char U+00A8 (decimal 168)
   defining Unicode char U+00A9 (decimal 169)
   defining Unicode char U+00AA (decimal 170)
   defining Unicode char U+00AC (decimal 172)
   defining Unicode char U+00AE (decimal 174)
   defining Unicode char U+00AF (decimal 175)
   defining Unicode char U+00B0 (decimal 176)
   defining Unicode char U+00B1 (decimal 177)
   defining Unicode char U+00B2 (decimal 178)
   defining Unicode char U+00B3 (decimal 179)
   defining Unicode char U+00B4 (decimal 180)
   defining Unicode char U+00B5 (decimal 181)
   defining Unicode char U+00B6 (decimal 182)
   defining Unicode char U+00B7 (decimal 183)
   defining Unicode char U+00B9 (decimal 185)
   defining Unicode char U+00BA (decimal 186)
   defining Unicode char U+00BC (decimal 188)
   defining Unicode char U+00BD (decimal 189)
   defining Unicode char U+00BE (decimal 190)
   defining Unicode char U+00D7 (decimal 215)
   defining Unicode char U+00F7 (decimal 247)
   defining Unicode char U+0192 (decimal 402)
   defining Unicode char U+02C7 (decimal 711)
   defining Unicode char U+02D8 (decimal 728)
   defining Unicode char U+02DD (decimal 733)
   defining Unicode char U+0E3F (decimal 3647)
   defining Unicode char U+2016 (decimal 8214)
   defining Unicode char U+2020 (decimal 8224)
   defining Unicode char U+2021 (decimal 8225)
   defining Unicode char U+2022 (decimal 8226)
   defining Unicode char U+2030 (decimal 8240)
   defining Unicode char U+2031 (decimal 8241)
   defining Unicode char U+203B (decimal 8251)
   defining Unicode char U+203D (decimal 8253)
   defining Unicode char U+2044 (decimal 8260)
   defining Unicode char U+204E (decimal 8270)
   defining Unicode char U+2052 (decimal 8274)
   defining Unicode char U+20A1 (decimal 8353)
   defining Unicode char U+20A4 (decimal 8356)
   defining Unicode char U+20A6 (decimal 8358)
   defining Unicode char U+20A9 (decimal 8361)
   defining Unicode char U+20AB (decimal 8363)
   defining Unicode char U+20AC (decimal 8364)
   defining Unicode char U+20B1 (decimal 8369)
   defining Unicode char U+2103 (decimal 8451)
   defining Unicode char U+2116 (decimal 8470)
   defining Unicode char U+2117 (decimal 8471)
   defining Unicode char U+211E (decimal 8478)
   defining Unicode char U+2120 (decimal 8480)
   defining Unicode char U+2122 (decimal 8482)
   defining Unicode char U+2126 (decimal 8486)
   defining Unicode char U+2127 (decimal 8487)
   defining Unicode char U+212E (decimal 8494)
   defining Unicode char U+2190 (decimal 8592)
   defining Unicode char U+2191 (decimal 8593)
   defining Unicode char U+2192 (decimal 8594)
   defining Unicode char U+2193 (decimal 8595)
   defining Unicode char U+2329 (decimal 9001)
   defining Unicode char U+232A (decimal 9002)
   defining Unicode char U+2422 (decimal 9250)
   defining Unicode char U+25E6 (decimal 9702)
   defining Unicode char U+25EF (decimal 9711)
   defining Unicode char U+266A (decimal 9834)
)
Now handling font encoding PD1 ...
... no UTF-8 mapping file for font encoding PD1
Now handling font encoding PU ...
... no UTF-8 mapping file for font encoding PU
   defining Unicode char U+00A9 (decimal 169)
   defining Unicode char U+00AA (decimal 170)
   defining Unicode char U+00AE (decimal 174)
   defining Unicode char U+00BA (decimal 186)
   defining Unicode char U+02C6 (decimal 710)
   defining Unicode char U+02DC (decimal 732)
   defining Unicode char U+200C (decimal 8204)
   defining Unicode char U+2026 (decimal 8230)
   defining Unicode char U+2122 (decimal 8482)
   defining Unicode char U+2423 (decimal 9251)
))
(/usr/share/texlive/texmf-dist/tex/latex/psnfss/mathptmx.sty
Package: mathptmx 2005/04/12 PSNFSS-v9.2a Times w/ Math, improved (SPQR, WaS) 
LaTeX Font Info:    Redeclaring symbol font `operators' on input line 28.
LaTeX Font Info:    Overwriting symbol font `operators' in version `normal'
(Font)                  OT1/cmr/m/n --> OT1/ztmcm/m/n on input line 28.
LaTeX Font Info:    Overwriting symbol font `operators' in version `bold'
(Font)                  OT1/cmr/bx/n --> OT1/ztmcm/m/n on input line 28.
LaTeX Font Info:    Redeclaring symbol font `letters' on input line 29.
LaTeX Font Info:    Overwriting symbol font `letters' in version `normal'
(Font)                  OML/cmm/m/it --> OML/ztmcm/m/it on input line 29.
LaTeX Font Info:    Overwriting symbol font `letters' in version `bold'
(Font)                  OML/cmm/b/it --> OML/ztmcm/m/it on input line 29.
LaTeX Font Info:    Redeclaring symbol font `symbols' on input line 30.
LaTeX Font Info:    Overwriting symbol font `symbols' in version `normal'
(Font)                  OMS/cmsy/m/n --> OMS/ztmcm/m/n on input line 30.
LaTeX Font Info:    Overwriting symbol font `symbols' in version `bold'
(Font)                  OMS/cmsy/b/n --> OMS/ztmcm/m/n on input line 30.
LaTeX Font Info:    Redeclaring symbol font `largesymbols' on input line 31.
LaTeX Font Info:    Overwriting symbol font `largesymbols' in version `normal'
(Font)                  OMX/cmex/m/n --> OMX/ztmcm/m/n on input line 31.
LaTeX Font Info:    Overwriting symbol font `largesymbols' in version `bold'
(Font)                  OMX/cmex/m/n --> OMX/ztmcm/m/n on input line 31.
\symbold=\mathgroup4
\symitalic=\mathgroup5
LaTeX Font Info:    Redeclaring math alphabet \mathbf on input line 34.
LaTeX Font Info:    Overwriting math alphabet `\mathbf' in version `normal'
(Font)                  OT1/cmr/bx/n --> OT1/ptm/bx/n on input line 34.
LaTeX Font Info:    Overwriting math alphabet `\mathbf' in version `bold'
(Font)                  OT1/cmr/bx/n --> OT1/ptm/bx/n on input line 34.
LaTeX Font Info:    Redeclaring math alphabet \mathit on input line 35.
LaTeX Font Info:    Overwriting math alphabet `\mathit' in version `normal'
(Font)                  OT1/cmr/m/it --> OT1/ptm/m/it on input line 35.
LaTeX Font Info:    Overwriting math alphabet `\mathit' in version `bold'
(Font)                  OT1/cmr/bx/it --> OT1/ptm/m/it on input line 35.
LaTeX Info: Redefining \hbar on input line 50.
)
(/usr/share/texlive/texmf-dist/tex/latex/psnfss/helvet.sty
Package: helvet 2005/04/12 PSNFSS-v9.2a (WaS) 
)
(/usr/share/texlive/texmf-dist/tex/latex/psnfss/courier.sty
Package: courier 2005/04/12 PSNFSS-v9.2a (WaS) 
)
(/usr/share/texlive/texmf-dist/tex/latex/sectsty/sectsty.sty
Package: sectsty 2002/02/25 v2.0.2 Commands to change all sectional heading sty
les
)
(/usr/share/texlive/texmf-dist/tex/latex/amsfonts/amssymb.sty
Package: amssymb 2009/06/22 v3.00

(/usr/share/texlive/texmf-dist/tex/latex/amsfonts/amsfonts.sty
Package: amsfonts 2009/06/22 v3.00 Basic AMSFonts support
\@emptytoks=\toks23
\symAMSa=\mathgroup6
\symAMSb=\mathgroup7
LaTeX Font Info:    Overwriting math alphabet `\mathfrak' in version `bold'
(Font)                  U/euf/m/n --> U/euf/b/n on input line 96.
))
(/usr/share/texlive/texmf-dist/tex/latex/tocloft/tocloft.sty
Package: tocloft 2010/10/13 v2.3e parameterised ToC, etc., typesetting
Package tocloft Info: The document has chapter divisions on input line 43.
\cftparskip=\skip51
\cftbeforetoctitleskip=\skip52
\cftaftertoctitleskip=\skip53
\cftbeforepartskip=\skip54
\cftpartnumwidth=\skip55
\cftpartindent=\skip56
\cftbeforechapskip=\skip57
\cftchapindent=\skip58
\cftchapnumwidth=\skip59
\cftbeforesecskip=\skip60
\cftsecindent=\skip61
\cftsecnumwidth=\skip62
\cftbeforesubsecskip=\skip63
\cftsubsecindent=\skip64
\cftsubsecnumwidth=\skip65
\cftbeforesubsubsecskip=\skip66
\cftsubsubsecindent=\skip67
\cftsubsubsecnumwidth=\skip68
\cftbeforeparaskip=\skip69
\cftparaindent=\skip70
\cftparanumwidth=\skip71
\cftbeforesubparaskip=\skip72
\cftsubparaindent=\skip73
\cftsubparanumwidth=\skip74
\cftbeforeloftitleskip=\skip75
\cftafterloftitleskip=\skip76
\cftbeforefigskip=\skip77
\cftfigindent=\skip78
\cftfignumwidth=\skip79
\c@lofdepth=\count122
\c@lotdepth=\count123
\cftbeforelottitleskip=\skip80
\cftafterlottitleskip=\skip81
\cftbeforetabskip=\skip82
\cfttabindent=\skip83
\cfttabnumwidth=\skip84
) (./doxygen.sty
Package: doxygen 

(/usr/share/texlive/texmf-dist/tex/latex/tools/calc.sty
Package: calc 2007/08/22 v4.3 Infix arithmetic (KKT,FJ)
\calc@Acount=\count124
\calc@Bcount=\count125
\calc@Adimen=\dimen130
\calc@Bdimen=\dimen131
\calc@Askip=\skip85
\calc@Bskip=\skip86
LaTeX Info: Redefining \setlength on input line 76.
LaTeX Info: Redefining \addtolength on input line 77.
\calc@Ccount=\count126
\calc@Cskip=\skip87
)
(/usr/share/texlive/texmf-dist/tex/latex/fancyhdr/fancyhdr.sty
\fancy@headwidth=\skip88
\f@ncyO@elh=\skip89
\f@ncyO@erh=\skip90
\f@ncyO@olh=\skip91
\f@ncyO@orh=\skip92
\f@ncyO@elf=\skip93
\f@ncyO@erf=\skip94
\f@ncyO@olf=\skip95
\f@ncyO@orf=\skip96
)
(/usr/share/texlive/texmf-dist/tex/latex/tools/longtable.sty
Package: longtable 2004/02/01 v4.11 Multi-page Table package (DPC)
\LTleft=\skip97
\LTright=\skip98
\LTpre=\skip99
\LTpost=\skip100
\LTchunksize=\count127
\LTcapwidth=\dimen132
\LT@head=\box56
\LT@firsthead=\box57
\LT@foot=\box58
\LT@lastfoot=\box59
\LT@cols=\count128
\LT@rows=\count129
\c@LT@tables=\count130
\c@LT@chunks=\count131
\LT@p@ftn=\toks24
)
(/usr/share/texlive/texmf-dist/tex/latex/tools/verbatim.sty
Package: verbatim 2003/08/22 v1.5q LaTeX2e package for verbatim enhancements
\every@verbatim=\toks25
\verbatim@line=\toks26
\verbatim@in@stream=\read1
)
(/usr/share/texlive/texmf-dist/tex/latex/xtab/xtab.sty
Package: xtab 2011/07/31 v2.3f Extended supertabular package
\c@tracingst=\count132
\PWSTcapht=\dimen133
\ST@wd=\dimen134
\ST@rightskip=\skip101
\ST@leftskip=\skip102
\ST@parfillskip=\skip103
\c@PWSTtable=\count133
\PWSTlastpage=\count134
\PWSTpenultimate=\count135
\PWSTcurpage=\count136
\PWSTtempc=\count137
\PWSTlines=\count138
\PWST@lastht=\dimen135
\PWST@generalht=\dimen136
\PWST@ht=\dimen137
\ST@pageleft=\dimen138
\ST@headht=\dimen139
\ST@tailht=\dimen140
\ST@pagesofar=\dimen141
\ST@pboxht=\dimen142
\ST@lineht=\dimen143
\ST@stretchht=\dimen144
\ST@prevht=\dimen145
\ST@toadd=\dimen146
\ST@dimen=\dimen147
\ST@pbox=\box60
)
(/usr/share/texlive/texmf-dist/tex/latex/multirow/multirow.sty
\bigstrutjot=\dimen148
)
\tmplength=\skip104
\xrefbox=\box61
\xreflength=\skip105

(/usr/share/texlive/texmf-dist/tex/latex/base/fontenc.sty
Package: fontenc 2005/09/27 v1.99g Standard LaTeX package

(/usr/share/texlive/texmf-dist/tex/latex/base/t1enc.def
File: t1enc.def 2005/09/27 v1.99g Standard LaTeX file
LaTeX Font Info:    Redeclaring font encoding T1 on input line 43.
)))
(/usr/share/texlive/texmf-dist/tex/latex/listings/lstlang1.sty
File: lstlang1.sty 2004/09/05 1.3 listings language file
)
(/usr/share/texlive/texmf-dist/tex/latex/listings/lstlang1.sty
File: lstlang1.sty 2004/09/05 1.3 listings language file
)
(/usr/share/texlive/texmf-dist/tex/latex/listings/lstmisc.sty
File: lstmisc.sty 2007/02/22 1.4 (Carsten Heinz)
)
\@indexfile=\write3
\openout3 = `refman.idx'.


Writing index file refman.idx
(./refman.aux)
\openout1 = `refman.aux'.

LaTeX Font Info:    Checking defaults for OML/cmm/m/it on input line 48.
LaTeX Font Info:    ... okay on input line 48.
LaTeX Font Info:    Checking defaults for T1/cmr/m/n on input line 48.
LaTeX Font Info:    ... okay on input line 48.
LaTeX Font Info:    Checking defaults for OT1/cmr/m/n on input line 48.
LaTeX Font Info:    ... okay on input line 48.
LaTeX Font Info:    Checking defaults for OMS/cmsy/m/n on input line 48.
LaTeX Font Info:    ... okay on input line 48.
LaTeX Font Info:    Checking defaults for OMX/cmex/m/n on input line 48.
LaTeX Font Info:    ... okay on input line 48.
LaTeX Font Info:    Checking defaults for U/cmr/m/n on input line 48.
LaTeX Font Info:    ... okay on input line 48.
LaTeX Font Info:    Checking defaults for TS1/cmr/m/n on input line 48.
LaTeX Font Info:    Try loading font information for TS1+cmr on input line 48.
 (/usr/share/texlive/texmf-dist/tex/latex/base/ts1cmr.fd
File: ts1cmr.fd 1999/05/25 v2.5h Standard LaTeX font definitions
)
LaTeX Font Info:    ... okay on input line 48.
LaTeX Font Info:    Checking defaults for PD1/pdf/m/n on input line 48.
LaTeX Font Info:    ... okay on input line 48.
LaTeX Font Info:    Checking defaults for PU/pdf/m/n on input line 48.
LaTeX Font Info:    ... okay on input line 48.
LaTeX Font Info:    Try loading font information for T1+phv on input line 48.

(/usr/share/texlive/texmf-dist/tex/latex/psnfss/t1phv.fd
File: t1phv.fd 2001/06/04 scalable font definitions for T1/phv.
)
LaTeX Font Info:    Font shape `T1/phv/m/n' will be
(Font)              scaled to size 8.99994pt on input line 48.

*geometry* driver: auto-detecting
*geometry* detected driver: pdftex
*geometry* verbose mode - [ preamble ] result:
* driver: pdftex
* paper: a4paper
* layout: <same size as paper>
* layoutoffset:(h,v)=(0.0pt,0.0pt)
* modes: twoside 
* h-part:(L,W,R)=(71.13188pt, 455.24411pt, 71.13188pt)
* v-part:(T,H,B)=(71.13188pt, 702.78308pt, 71.13188pt)
* \paperwidth=597.50787pt
* \paperheight=845.04684pt
* \textwidth=455.24411pt
* \textheight=702.78308pt
* \oddsidemargin=-1.1381pt
* \evensidemargin=-1.1381pt
* \topmargin=-31.2056pt
* \headheight=12.0pt
* \headsep=18.06749pt
* \topskip=10.0pt
* \footskip=25.29494pt
* \marginparwidth=125.0pt
* \marginparsep=7.0pt
* \columnsep=10.0pt
* \skip\footins=9.0pt plus 4.0pt minus 2.0pt
* \hoffset=0.0pt
* \voffset=0.0pt
* \mag=1000
* \@twocolumnfalse
* \@twosidetrue
* \@mparswitchtrue
* \@reversemarginfalse
* (1in=72.27pt=25.4mm, 1cm=28.453pt)

(/usr/share/texlive/texmf-dist/tex/context/base/supp-pdf.mkii
[Loading MPS to PDF converter (version 2006.09.02).]
\scratchcounter=\count139
\scratchdimen=\dimen149
\scratchbox=\box62
\nofMPsegments=\count140
\nofMParguments=\count141
\everyMPshowfont=\toks27
\MPscratchCnt=\count142
\MPscratchDim=\dimen150
\MPnumerator=\count143
\makeMPintoPDFobject=\count144
\everyMPtoPDFconversion=\toks28
) (/usr/share/texlive/texmf-dist/tex/latex/oberdiek/epstopdf-base.sty
Package: epstopdf-base 2010/02/09 v2.5 Base part for package epstopdf

(/usr/share/texlive/texmf-dist/tex/latex/oberdiek/grfext.sty
Package: grfext 2010/08/19 v1.1 Manage graphics extensions (HO)
)
Package grfext Info: Graphics extension search list:
(grfext)             [.png,.pdf,.jpg,.mps,.jpeg,.jbig2,.jb2,.PNG,.PDF,.JPG,.JPE
G,.JBIG2,.JB2,.eps]
(grfext)             \AppendGraphicsExtensions on input line 452.

(/usr/share/texlive/texmf-dist/tex/latex/latexconfig/epstopdf-sys.cfg
File: epstopdf-sys.cfg 2010/07/13 v1.3 Configuration of (r)epstopdf for TeX Liv
e
))
\c@lstlisting=\count145
\AtBeginShipoutBox=\box63
Package backref Info: ** backref set up for natbib ** on input line 48.
Package hyperref Info: Link coloring ON on input line 48.

(/usr/share/texlive/texmf-dist/tex/latex/hyperref/nameref.sty
Package: nameref 2010/04/30 v2.40 Cross-referencing by name of section

(/usr/share/texlive/texmf-dist/tex/generic/oberdiek/gettitlestring.sty
Package: gettitlestring 2010/12/03 v1.4 Cleanup title references (HO)
)
\c@section@level=\count146
)
LaTeX Info: Redefining \ref on input line 48.
LaTeX Info: Redefining \pageref on input line 48.
LaTeX Info: Redefining \nameref on input line 48.

(./refman.out) (./refman.out)
\@outlinefile=\write4
\openout4 = `refman.out'.

\big@size=\dimen151
Package hyperref Info: Option `pageanchor' set `false' on input line 49.
LaTeX Font Info:    Font shape `T1/phv/m/n' will be
(Font)              scaled to size 12.9599pt on input line 53.
LaTeX Font Info:    Font shape `T1/phv/m/n' will be
(Font)              scaled to size 10.79993pt on input line 53.
LaTeX Font Info:    Font shape `T1/phv/m/n' will be
(Font)              scaled to size 8.09995pt on input line 57.
 [1


{/var/lib/texmf/fonts/map/pdftex/updmap/pdftex.map}] [2

]
LaTeX Font Info:    Font shape `T1/phv/m/n' will be
(Font)              scaled to size 22.39185pt on input line 62.
LaTeX Font Info:    Font shape `T1/phv/bx/n' in size <24.88> not available
(Font)              Font shape `T1/phv/b/n' tried instead on input line 62.
LaTeX Font Info:    Font shape `T1/phv/b/n' will be
(Font)              scaled to size 22.39185pt on input line 62.
LaTeX Font Info:    Try loading font information for OT1+phv on input line 62.
 (/usr/share/texlive/texmf-dist/tex/latex/psnfss/ot1phv.fd
File: ot1phv.fd 2001/06/04 scalable font definitions for OT1/phv.
)
LaTeX Font Info:    Font shape `OT1/phv/bc/n' will be
(Font)              scaled to size 22.39185pt on input line 62.

(./refman.toc
LaTeX Font Info:    Font shape `T1/phv/bx/n' in size <10> not available
(Font)              Font shape `T1/phv/b/n' tried instead on input line 1.
LaTeX Font Info:    Font shape `T1/phv/b/n' will be
(Font)              scaled to size 8.99994pt on input line 1.
LaTeX Font Info:    Try loading font information for OT1+ztmcm on input line 1.

 (/usr/share/texlive/texmf-dist/tex/latex/psnfss/ot1ztmcm.fd
File: ot1ztmcm.fd 2000/01/03 Fontinst v1.801 font definitions for OT1/ztmcm.
)
LaTeX Font Info:    Try loading font information for OML+ztmcm on input line 1.


(/usr/share/texlive/texmf-dist/tex/latex/psnfss/omlztmcm.fd
File: omlztmcm.fd 2000/01/03 Fontinst v1.801 font definitions for OML/ztmcm.
)
LaTeX Font Info:    Try loading font information for OMS+ztmcm on input line 1.


(/usr/share/texlive/texmf-dist/tex/latex/psnfss/omsztmcm.fd
File: omsztmcm.fd 2000/01/03 Fontinst v1.801 font definitions for OMS/ztmcm.
)
LaTeX Font Info:    Try loading font information for OMX+ztmcm on input line 1.


(/usr/share/texlive/texmf-dist/tex/latex/psnfss/omxztmcm.fd
File: omxztmcm.fd 2000/01/03 Fontinst v1.801 font definitions for OMX/ztmcm.
)
LaTeX Font Info:    Try loading font information for OT1+ptm on input line 1.

(/usr/share/texlive/texmf-dist/tex/latex/psnfss/ot1ptm.fd
File: ot1ptm.fd 2001/06/04 font definitions for OT1/ptm.
)
LaTeX Font Info:    Font shape `OT1/ptm/bx/n' in size <10> not available
(Font)              Font shape `OT1/ptm/b/n' tried instead on input line 1.
LaTeX Font Info:    Font shape `OT1/ptm/bx/n' in size <7.4> not available
(Font)              Font shape `OT1/ptm/b/n' tried instead on input line 1.
LaTeX Font Info:    Font shape `OT1/ptm/bx/n' in size <6> not available
(Font)              Font shape `OT1/ptm/b/n' tried instead on input line 1.
 [1

]
LaTeX Font Info:    Font shape `T1/phv/bx/n' in size <7> not available
(Font)              Font shape `T1/phv/b/n' tried instead on input line 71.
LaTeX Font Info:    Font shape `T1/phv/b/n' will be
(Font)              scaled to size 6.29996pt on input line 71.
 [2] [3] [4]
[5] [6] [7] [8] [9] [10] [11] [12])
\tf@toc=\write5
\openout5 = `refman.toc'.

 [13] [14

]
Package hyperref Info: Option `pageanchor' set `true' on input line 65.

Chapter 1.
LaTeX Font Info:    Font shape `T1/phv/m/n' will be
(Font)              scaled to size 18.66588pt on input line 66.
LaTeX Font Info:    Font shape `T1/phv/bx/n' in size <20.74> not available
(Font)              Font shape `T1/phv/b/n' tried instead on input line 66.
LaTeX Font Info:    Font shape `T1/phv/b/n' will be
(Font)              scaled to size 18.66588pt on input line 66.
LaTeX Font Info:    Font shape `OT1/phv/bc/n' will be
(Font)              scaled to size 18.66588pt on input line 66.
(./index.tex
LaTeX Font Info:    Font shape `T1/phv/bx/n' in size <14.4> not available
(Font)              Font shape `T1/phv/b/n' tried instead on input line 1.
LaTeX Font Info:    Font shape `T1/phv/b/n' will be
(Font)              scaled to size 12.9599pt on input line 1.
LaTeX Font Info:    Font shape `OT1/phv/bc/n' will be
(Font)              scaled to size 12.9599pt on input line 1.
) [1

] [2

]
Chapter 2.
(./_a.tex) [3] [4

]
Chapter 3.
(./annotated.tex [5]) [6]
Chapter 4.
(./files.tex
Underfull \vbox (badness 2521) has occurred while \output is active []

 [7

])
[8]
Chapter 5.
(./interfaceinterfaces_1_1abort_execution.tex
<interfaceinterfaces_1_1abort_execution__coll__graph.pdf, id=2761, 210.7875pt x
 144.54pt>
File: interfaceinterfaces_1_1abort_execution__coll__graph.pdf Graphic file (typ
e pdf)
 <use interfaceinterfaces_1_1abort_execution__coll__graph.pdf>
Package pdftex.def Info: interfaceinterfaces_1_1abort_execution__coll__graph.pd
f used on input line 10.
(pdftex.def)             Requested size: 210.0pt x 144.00368pt.
LaTeX Font Info:    Font shape `T1/phv/bx/n' in size <12> not available
(Font)              Font shape `T1/phv/b/n' tried instead on input line 13.
LaTeX Font Info:    Font shape `T1/phv/b/n' will be
(Font)              scaled to size 10.79993pt on input line 13.
LaTeX Font Info:    Font shape `OT1/phv/bc/n' will be
(Font)              scaled to size 10.79993pt on input line 13.
LaTeX Font Info:    Try loading font information for TS1+phv on input line 16.

(/usr/share/texlive/texmf-dist/tex/latex/psnfss/ts1phv.fd
File: ts1phv.fd 2001/06/04 scalable font definitions for TS1/phv.
)
LaTeX Font Info:    Font shape `TS1/phv/m/n' will be
(Font)              scaled to size 8.99994pt on input line 16.
LaTeX Font Info:    Font shape `OT1/phv/bc/n' will be
(Font)              scaled to size 8.99994pt on input line 40.
LaTeX Font Info:    Font shape `OT1/phv/bc/it' in size <10> not available
(Font)              Font shape `OT1/phv/bc/sl' tried instead on input line 40.
LaTeX Font Info:    Font shape `OT1/phv/bc/sl' will be
(Font)              scaled to size 8.99994pt on input line 40.
)
(./interfacefiletools_1_1c_find_entry.tex
<interfacefiletools_1_1c_find_entry__coll__graph.pdf, id=2764, 184.69pt x 144.5
4pt>
File: interfacefiletools_1_1c_find_entry__coll__graph.pdf Graphic file (type pd
f)
 <use interfacefiletools_1_1c_find_entry__coll__graph.pdf>
Package pdftex.def Info: interfacefiletools_1_1c_find_entry__coll__graph.pdf us
ed on input line 10.
(pdftex.def)             Requested size: 184.0pt x 144.00148pt.
 [9

 <./interfaceinterfaces_1_1abort_execution__coll__graph.pdf>])
(./interfacefiletools_1_1c_matrix_read.tex
<interfacefiletools_1_1c_matrix_read__coll__graph.pdf, id=2784, 192.72pt x 144.
54pt>
File: interfacefiletools_1_1c_matrix_read__coll__graph.pdf Graphic file (type p
df)
 <use interfacefiletools_1_1c_matrix_read__coll__graph.pdf>
Package pdftex.def Info: interfacefiletools_1_1c_matrix_read__coll__graph.pdf u
sed on input line 10.
(pdftex.def)             Requested size: 192.0pt x 143.99927pt.
 [10 <./interfacefiletools_1_1c_find_entry__coll__graph.pdf> <./interfacefileto
ols_1_1c_matrix_read__coll__graph.pdf

pdfTeX warning: pdflatex (file ./interfacefiletools_1_1c_matrix_read__coll__gra
ph.pdf): PDF inclusion: multiple pdfs with page group included in a single page

>]) (./classcmdvar.tex
<classcmdvar__coll__graph.pdf, id=2805, 134.5025pt x 196.735pt>
File: classcmdvar__coll__graph.pdf Graphic file (type pdf)

<use classcmdvar__coll__graph.pdf>
Package pdftex.def Info: classcmdvar__coll__graph.pdf used on input line 15.
(pdftex.def)             Requested size: 134.0pt x 196.00201pt.
LaTeX Font Info:    Font shape `T1/phv/m/it' in size <9> not available
(Font)              Font shape `T1/phv/m/sl' tried instead on input line 22.
LaTeX Font Info:    Font shape `T1/phv/m/sl' will be
(Font)              scaled to size 8.09995pt on input line 22.
 [11 <./classcmdvar__coll__graph.pdf>])
(./classcmdvarwr.tex
<classcmdvarwr__coll__graph.pdf, id=2831, 138.5175pt x 144.54pt>
File: classcmdvarwr__coll__graph.pdf Graphic file (type pdf)

<use classcmdvarwr__coll__graph.pdf>
Package pdftex.def Info: classcmdvarwr__coll__graph.pdf used on input line 15.
(pdftex.def)             Requested size: 138.0pt x 144.00148pt.
 [12 <./classcmdvarwr__coll__graph.pdf>])
(./classcommand.tex
<classcommand__coll__graph.pdf, id=2844, 164.615pt x 158.5925pt>
File: classcommand__coll__graph.pdf Graphic file (type pdf)

<use classcommand__coll__graph.pdf>
Package pdftex.def Info: classcommand__coll__graph.pdf used on input line 10.
(pdftex.def)             Requested size: 164.0pt x 158.00404pt.
 [13 <./classcommand__coll__graph.pdf>])
(./interfacegraphtools_1_1constraints.tex
<interfacegraphtools_1_1constraints__coll__graph.pdf, id=2866, 196.735pt x 144.
54pt>
File: interfacegraphtools_1_1constraints__coll__graph.pdf Graphic file (type pd
f)
 <use interfacegraphtools_1_1constraints__coll__graph.pdf>
Package pdftex.def Info: interfacegraphtools_1_1constraints__coll__graph.pdf us
ed on input line 10.
(pdftex.def)             Requested size: 196.0pt x 143.99927pt.
 [14 <./interfacegraphtools_1_1constraints__coll__graph.pdf>])
(./interfaceeuristics_1_1constraints.tex
<interfaceeuristics_1_1constraints__coll__graph.pdf, id=2882, 186.6975pt x 144.
54pt>
File: interfaceeuristics_1_1constraints__coll__graph.pdf Graphic file (type pdf
)
 <use interfaceeuristics_1_1constraints__coll__graph.pdf>
Package pdftex.def Info: interfaceeuristics_1_1constraints__coll__graph.pdf use
d on input line 10.
(pdftex.def)             Requested size: 186.0pt x 144.00589pt.
)
(./interfacefiletools_1_1d_find_entry.tex
<interfacefiletools_1_1d_find_entry__coll__graph.pdf, id=2885, 184.69pt x 144.5
4pt>
File: interfacefiletools_1_1d_find_entry__coll__graph.pdf Graphic file (type pd
f)
 <use interfacefiletools_1_1d_find_entry__coll__graph.pdf>
Package pdftex.def Info: interfacefiletools_1_1d_find_entry__coll__graph.pdf us
ed on input line 10.
(pdftex.def)             Requested size: 184.0pt x 144.00148pt.

Underfull \vbox (badness 1701) has occurred while \output is active []

 [15 <./interfaceeuristics_1_1constraints__coll__graph.pdf>])
(./interfacefiletools_1_1d_matrix_read.tex
<interfacefiletools_1_1d_matrix_read__coll__graph.pdf, id=2901, 192.72pt x 144.
54pt>
File: interfacefiletools_1_1d_matrix_read__coll__graph.pdf Graphic file (type p
df)
 <use interfacefiletools_1_1d_matrix_read__coll__graph.pdf>
Package pdftex.def Info: interfacefiletools_1_1d_matrix_read__coll__graph.pdf u
sed on input line 10.
(pdftex.def)             Requested size: 192.0pt x 143.99927pt.
 [16 <./interfacefiletools_1_1d_find_entry__coll__graph.pdf> <./interfacefileto
ols_1_1d_matrix_read__coll__graph.pdf

pdfTeX warning: pdflatex (file ./interfacefiletools_1_1d_matrix_read__coll__gra
ph.pdf): PDF inclusion: multiple pdfs with page group included in a single page

>]) (./classeconomy.tex
<classeconomy__coll__graph.pdf, id=2921, 186.6975pt x 236.885pt>
File: classeconomy__coll__graph.pdf Graphic file (type pdf)

<use classeconomy__coll__graph.pdf>
Package pdftex.def Info: classeconomy__coll__graph.pdf used on input line 10.
(pdftex.def)             Requested size: 186.0pt x 236.00967pt.
 [17 <./classeconomy__coll__graph.pdf>]
LaTeX Font Info:    Try loading font information for T1+pcr on input line 59.

(/usr/share/texlive/texmf-dist/tex/latex/psnfss/t1pcr.fd
File: t1pcr.fd 2001/06/04 font definitions for T1/pcr.
)
LaTeX Font Info:    Font shape `T1/phv/m/it' in size <10> not available
(Font)              Font shape `T1/phv/m/sl' tried instead on input line 59.
LaTeX Font Info:    Font shape `T1/phv/m/sl' will be
(Font)              scaled to size 8.99994pt on input line 59.

Underfull \vbox (badness 10000) detected at line 63
 []

[18]
Underfull \vbox (badness 10000) detected at line 98
 []


Underfull \vbox (badness 10000) detected at line 136
 []


Overfull \vbox (14.64879pt too high) has occurred while \output is active []


[19]
Underfull \vbox (badness 10000) detected at line 167
 []


Underfull \vbox (badness 10000) detected at line 194
 []

[20]
Underfull \vbox (badness 10000) detected at line 245
 []


Underfull \vbox (badness 10000) detected at line 271
 []

) (./classenergy.tex [21]
<classenergy__coll__graph.pdf, id=2983, 174.6525pt x 262.9825pt>
File: classenergy__coll__graph.pdf Graphic file (type pdf)

<use classenergy__coll__graph.pdf>
Package pdftex.def Info: classenergy__coll__graph.pdf used on input line 15.
(pdftex.def)             Requested size: 174.0pt x 262.01476pt.
 [22 <./classenergy__coll__graph.pdf>]
Underfull \vbox (badness 10000) detected at line 71
 []


Underfull \vbox (badness 10000) detected at line 97
 []

[23]
Underfull \vbox (badness 10000) detected at line 127
 []


Underfull \vbox (badness 10000) detected at line 153
 []

[24]
Underfull \vbox (badness 10000) detected at line 191
 []


Underfull \vbox (badness 10000) detected at line 217
 []


Underfull \vbox (badness 1810) has occurred while \output is active []

 [25]
Underfull \vbox (badness 10000) detected at line 260
 []


Underfull \vbox (badness 10000) detected at line 290
 []

) (./classeuristics.tex [26]
<classeuristics__coll__graph.pdf, id=3041, 164.615pt x 158.5925pt>
File: classeuristics__coll__graph.pdf Graphic file (type pdf)

<use classeuristics__coll__graph.pdf>
Package pdftex.def Info: classeuristics__coll__graph.pdf used on input line 15.

(pdftex.def)             Requested size: 164.0pt x 158.00404pt.

Underfull \vbox (badness 10000) detected at line 57
 []


Overfull \vbox (13.99168pt too high) has occurred while \output is active []


[27 <./classeuristics__coll__graph.pdf>]
Underfull \vbox (badness 10000) detected at line 83
 []

) (./classfiletools.tex
<classfiletools__coll__graph.pdf, id=3063, 130.4875pt x 144.54pt>
File: classfiletools__coll__graph.pdf Graphic file (type pdf)

<use classfiletools__coll__graph.pdf>
Package pdftex.def Info: classfiletools__coll__graph.pdf used on input line 15.

(pdftex.def)             Requested size: 130.0pt x 144.00148pt.
 [28 <./classfiletools__coll__graph.pdf>]) (./interfacefiletools_1_1find_entry.
tex
<interfacefiletools_1_1find_entry__coll__graph.pdf, id=3089, 174.6525pt x 144.5
4pt>
File: interfacefiletools_1_1find_entry__coll__graph.pdf Graphic file (type pdf)

 <use interfacefiletools_1_1find_entry__coll__graph.pdf>
Package pdftex.def Info: interfacefiletools_1_1find_entry__coll__graph.pdf used
 on input line 10.
(pdftex.def)             Requested size: 174.0pt x 144.00809pt.
 [29 <./interfacefiletools_1_1find_entry__coll__graph.pdf>]) (./classglobalresu
lts.tex
<classglobalresults__coll__graph.pdf, id=3104, 172.645pt x 248.93pt>
File: classglobalresults__coll__graph.pdf Graphic file (type pdf)

<use classglobalresults__coll__graph.pdf>
Package pdftex.def Info: classglobalresults__coll__graph.pdf used on input line
 10.
(pdftex.def)             Requested size: 172.0pt x 248.00258pt.
 [30 <./classglobalresults__coll__graph.pdf>]
Underfull \vbox (badness 10000) detected at line 64
 []

[31]
Underfull \vbox (badness 10000) detected at line 119
 []


Underfull \vbox (badness 10000) detected at line 149
 []


Underfull \vbox (badness 3769) has occurred while \output is active []

 [32]
Underfull \vbox (badness 10000) detected at line 179
 []


Underfull \vbox (badness 10000) detected at line 209
 []

[33]
Underfull \vbox (badness 10000) detected at line 277
 []

) (./classgraphtools.tex
<classgraphtools__coll__graph.pdf, id=3153, 178.6675pt x 210.7875pt>
File: classgraphtools__coll__graph.pdf Graphic file (type pdf)

<use classgraphtools__coll__graph.pdf>
Package pdftex.def Info: classgraphtools__coll__graph.pdf used on input line 10
.
(pdftex.def)             Requested size: 178.0pt x 210.01184pt.

Underfull \vbox (badness 10000) has occurred while \output is active []

 [34]
[35 <./classgraphtools__coll__graph.pdf>]
Underfull \hbox (badness 4217) in paragraph at lines 109--110
[]\T1/phv/m/n/10 References abor-tex-e-cu-tion(), euristics-::chredundant(), ma
thtools-::locaterow(), ob-j-func-tion(), and euristics-
 []

[36]) (./interfacefiletools_1_1h_count.tex
<interfacefiletools_1_1h_count__coll__graph.pdf, id=3192, 168.63pt x 144.54pt>
File: interfacefiletools_1_1h_count__coll__graph.pdf Graphic file (type pdf)

<use interfacefiletools_1_1h_count__coll__graph.pdf>
Package pdftex.def Info: interfacefiletools_1_1h_count__coll__graph.pdf used on
 input line 10.
(pdftex.def)             Requested size: 168.0pt x 144.00368pt.

Underfull \vbox (badness 10000) has occurred while \output is active []

 [37])
(./interfacefiletools_1_1i_find_entry.tex
<interfacefiletools_1_1i_find_entry__coll__graph.pdf, id=3199, 180.675pt x 144.
54pt>
File: interfacefiletools_1_1i_find_entry__coll__graph.pdf Graphic file (type pd
f)
 <use interfacefiletools_1_1i_find_entry__coll__graph.pdf>
Package pdftex.def Info: interfacefiletools_1_1i_find_entry__coll__graph.pdf us
ed on input line 10.
(pdftex.def)             Requested size: 180.0pt x 144.00148pt.
 [38 <./interfacefiletools_1_1h_count__coll__graph.pdf> <./interfacefiletools_1
_1i_find_entry__coll__graph.pdf

pdfTeX warning: pdflatex (file ./interfacefiletools_1_1i_find_entry__coll__grap
h.pdf): PDF inclusion: multiple pdfs with page group included in a single page
>]) (./interfacefiletools_1_1i_matrix_read.tex
<interfacefiletools_1_1i_matrix_read__coll__graph.pdf, id=3219, 188.705pt x 144
.54pt>
File: interfacefiletools_1_1i_matrix_read__coll__graph.pdf Graphic file (type p
df)
 <use interfacefiletools_1_1i_matrix_read__coll__graph.pdf>
Package pdftex.def Info: interfacefiletools_1_1i_matrix_read__coll__graph.pdf u
sed on input line 10.
(pdftex.def)             Requested size: 188.0pt x 143.99927pt.
 [39 <./interfacefiletools_1_1i_matrix_read__coll__graph.pdf>]) (./classinputva
r.tex
<classinputvar__coll__graph.pdf, id=3237, 168.63pt x 275.0275pt>
File: classinputvar__coll__graph.pdf Graphic file (type pdf)

<use classinputvar__coll__graph.pdf>
Package pdftex.def Info: classinputvar__coll__graph.pdf used on input line 15.
(pdftex.def)             Requested size: 168.0pt x 274.00705pt.
 [40 <./classinputvar__coll__graph.pdf>]
[41] [42] [43] [44] [45] [46] [47] [48] [49] [50] [51]) (./classinterfaces.tex
<classinterfaces__coll__graph.pdf, id=3516, 138.5175pt x 144.54pt>
File: classinterfaces__coll__graph.pdf Graphic file (type pdf)

<use classinterfaces__coll__graph.pdf>
Package pdftex.def Info: classinterfaces__coll__graph.pdf used on input line 10
.
(pdftex.def)             Requested size: 138.0pt x 144.00148pt.
 [52])
(./interfacemathtools_1_1interpolation.tex
<interfacemathtools_1_1interpolation__coll__graph.pdf, id=3525, 198.7425pt x 14
4.54pt>
File: interfacemathtools_1_1interpolation__coll__graph.pdf Graphic file (type p
df)
 <use interfacemathtools_1_1interpolation__coll__graph.pdf>
Package pdftex.def Info: interfacemathtools_1_1interpolation__coll__graph.pdf u
sed on input line 10.
(pdftex.def)             Requested size: 198.0pt x 144.00368pt.
 [53 <./classinterfaces__coll__graph.pdf> <./interfacemathtools_1_1interpolatio
n__coll__graph.pdf

pdfTeX warning: pdflatex (file ./interfacemathtools_1_1interpolation__coll__gra
ph.pdf): PDF inclusion: multiple pdfs with page group included in a single page

>]) (./classmathtools.tex
<classmathtools__coll__graph.pdf, id=3546, 154.5775pt x 144.54pt>
File: classmathtools__coll__graph.pdf Graphic file (type pdf)

<use classmathtools__coll__graph.pdf>
Package pdftex.def Info: classmathtools__coll__graph.pdf used on input line 15.

(pdftex.def)             Requested size: 154.0pt x 144.01251pt.
 [54 <./classmathtools__coll__graph.pdf>]) (./interfacefiletools_1_1matrix_read
.tex
<interfacefiletools_1_1matrix_read__coll__graph.pdf, id=3564, 186.6975pt x 144.
54pt>
File: interfacefiletools_1_1matrix_read__coll__graph.pdf Graphic file (type pdf
)
 <use interfacefiletools_1_1matrix_read__coll__graph.pdf>
Package pdftex.def Info: interfacefiletools_1_1matrix_read__coll__graph.pdf use
d on input line 10.
(pdftex.def)             Requested size: 186.0pt x 144.00589pt.
)
(./classmyarithmetic.tex
<classmyarithmetic__coll__graph.pdf, id=3567, 152.57pt x 170.6375pt>
File: classmyarithmetic__coll__graph.pdf Graphic file (type pdf)

<use classmyarithmetic__coll__graph.pdf>
Package pdftex.def Info: classmyarithmetic__coll__graph.pdf used on input line 
15.
(pdftex.def)             Requested size: 152.0pt x 170.00696pt.
 [55 <./interfacefiletools_1_1matrix_read__coll__graph.pdf>]
Underfull \vbox (badness 10000) detected at line 51
 []

[56 <./classmyarithmetic__coll__graph.pdf>]
Underfull \vbox (badness 10000) detected at line 70
 []


Underfull \vbox (badness 10000) detected at line 89
 []

) (./interfacegraphtools_1_1obj_function.tex
<interfacegraphtools_1_1obj_function__coll__graph.pdf, id=3599, 198.7425pt x 14
4.54pt>
File: interfacegraphtools_1_1obj_function__coll__graph.pdf Graphic file (type p
df)
 <use interfacegraphtools_1_1obj_function__coll__graph.pdf>
Package pdftex.def Info: interfacegraphtools_1_1obj_function__coll__graph.pdf u
sed on input line 10.
(pdftex.def)             Requested size: 198.0pt x 144.00368pt.
 [57 <./interfacegraphtools_1_1obj_function__coll__graph.pdf>])
(./interfaceinterfaces_1_1performances.tex
<interfaceinterfaces_1_1performances__coll__graph.pdf, id=3617, 204.765pt x 144
.54pt>
File: interfaceinterfaces_1_1performances__coll__graph.pdf Graphic file (type p
df)
 <use interfaceinterfaces_1_1performances__coll__graph.pdf>
Package pdftex.def Info: interfaceinterfaces_1_1performances__coll__graph.pdf u
sed on input line 10.
(pdftex.def)             Requested size: 204.0pt x 144.00809pt.
)
(./classplantvar.tex [58 <./interfaceinterfaces_1_1performances__coll__graph.pd
f>] <classplantvar__coll__graph.pdf, id=3632, 160.6pt x 275.0275pt>
File: classplantvar__coll__graph.pdf Graphic file (type pdf)

<use classplantvar__coll__graph.pdf>
Package pdftex.def Info: classplantvar__coll__graph.pdf used on input line 15.
(pdftex.def)             Requested size: 160.0pt x 274.00705pt.
 [59 <./classplantvar__coll__graph.pdf>]
[60] [61] [62]) (./interfacefiletools_1_1read_keyword.tex
<interfacefiletools_1_1read_keyword__coll__graph.pdf, id=3725, 192.72pt x 144.5
4pt>
File: interfacefiletools_1_1read_keyword__coll__graph.pdf Graphic file (type pd
f)
 <use interfacefiletools_1_1read_keyword__coll__graph.pdf>
Package pdftex.def Info: interfacefiletools_1_1read_keyword__coll__graph.pdf us
ed on input line 10.
(pdftex.def)             Requested size: 192.0pt x 143.99927pt.
 [63 <./interfacefiletools_1_1read_keyword__coll__graph.pdf>])
(./interfacefiletools_1_1rew_unit.tex
<interfacefiletools_1_1rew_unit__coll__graph.pdf, id=3739, 170.6375pt x 144.54p
t>
File: interfacefiletools_1_1rew_unit__coll__graph.pdf Graphic file (type pdf)
 <use interfacefiletools_1_1rew_unit__coll__graph.pdf>
Package pdftex.def Info: interfacefiletools_1_1rew_unit__coll__graph.pdf used o
n input line 10.
(pdftex.def)             Requested size: 170.0pt x 144.00809pt.
 [64 <./interfacefiletools_1_1rew_unit__coll__graph.pdf>]) (./classshared.tex
<classshared__coll__graph.pdf, id=3756, 126.4725pt x 170.6375pt>
File: classshared__coll__graph.pdf Graphic file (type pdf)

<use classshared__coll__graph.pdf>
Package pdftex.def Info: classshared__coll__graph.pdf used on input line 10.
(pdftex.def)             Requested size: 126.0pt x 170.00436pt.
) (./interfacegraphtools_1_1time_constr.tex
<interfacegraphtools_1_1time_constr__coll__graph.pdf, id=3763, 196.735pt x 144.
54pt>
File: interfacegraphtools_1_1time_constr__coll__graph.pdf Graphic file (type pd
f)
 <use interfacegraphtools_1_1time_constr__coll__graph.pdf>
Package pdftex.def Info: interfacegraphtools_1_1time_constr__coll__graph.pdf us
ed on input line 10.
(pdftex.def)             Requested size: 196.0pt x 143.99927pt.
 [65 <./classshared__coll__graph.pdf>]) (./interfacefiletools_1_1v_count.tex
<interfacefiletools_1_1v_count__coll__graph.pdf, id=3780, 168.63pt x 144.54pt>
File: interfacefiletools_1_1v_count__coll__graph.pdf Graphic file (type pdf)

<use interfacefiletools_1_1v_count__coll__graph.pdf>
Package pdftex.def Info: interfacefiletools_1_1v_count__coll__graph.pdf used on
 input line 10.
(pdftex.def)             Requested size: 168.0pt x 144.00368pt.
 [66 <./interfacegraphtools_1_1time_constr__coll__graph.pdf> <./interfacefileto
ols_1_1v_count__coll__graph.pdf

pdfTeX warning: pdflatex (file ./interfacefiletools_1_1v_count__coll__graph.pdf
): PDF inclusion: multiple pdfs with page group included in a single page
>]) (./interfaceinterfaces_1_1warning.tex
<interfaceinterfaces_1_1warning__coll__graph.pdf, id=3800, 178.6675pt x 144.54p
t>
File: interfaceinterfaces_1_1warning__coll__graph.pdf Graphic file (type pdf)
 <use interfaceinterfaces_1_1warning__coll__graph.pdf>
Package pdftex.def Info: interfaceinterfaces_1_1warning__coll__graph.pdf used o
n input line 10.
(pdftex.def)             Requested size: 178.0pt x 144.00809pt.
 [67 <./interfaceinterfaces_1_1warning__coll__graph.pdf>]) [68]
Chapter 6.
(./abort_execution_8f90.tex
LaTeX Font Info:    Font shape `T1/phv/m/n' will be
(Font)              scaled to size 7.19995pt on input line 17.

Underfull \vbox (badness 10000) detected at line 53
 []

) (./aiuto_8f90.tex
Underfull \vbox (badness 10000) has occurred while \output is active []

 [69

])
(./allocate_var_8f90.tex [70]
Underfull \vbox (badness 10000) detected at line 41
 []

) (./build_plant_8f90.tex) (./check_plant_8f90.tex [71]) (./cmd_var_8f90.tex)
(./cmd_var_wr_8f90.tex [72]) (./command_8f90.tex) (./commandline_8f90.tex)
(./constraints_8f90.tex [73]
Underfull \vbox (badness 10000) detected at line 45
 []

) (./deallocate_var_8f90.tex [74]
Underfull \vbox (badness 10000) detected at line 26
 []

) (./economy_8f90.tex) (./end_execution_8f90.tex [75]) (./energy_8f90.tex)
(./euristics_8f90.tex) (./file_tools_8f90.tex [76]) (./find_entry2_8f90.tex
[77]
Underfull \vbox (badness 10000) detected at line 62
 []


Underfull \vbox (badness 10000) detected at line 107
 []

[78]
Underfull \vbox (badness 10000) detected at line 147
 []


Underfull \vbox (badness 10000) detected at line 192
 []

) (./global_results_8f90.tex [79]) (./graph_tools_8f90.tex) (./h_count_8f90.tex
[80]
Underfull \vbox (badness 10000) detected at line 42
 []

) (./input_var_8f90.tex) (./interfaces_8f90.tex [81]) (./interpolation_8f90.tex

Underfull \vbox (badness 10000) detected at line 52
 []

) (./main_8f90.tex [82]
Underfull \hbox (badness 7685) in paragraph at lines 47--48
[]\T1/phv/m/n/10 References graphtools-::allcombin(), build-plant(), com-man-d-
line(), en-dex-e-cu-tion(), graphtools-::grapharcs(),
 []

) (./manual_8f90.tex) (./math_tools_8f90.tex) (./matrix_read2_8f90.tex [83]
[84]
Underfull \vbox (badness 10000) detected at line 82
 []

[85]
Underfull \vbox (badness 10000) detected at line 143
 []

[86]
Underfull \vbox (badness 10000) detected at line 204
 []


Underfull \vbox (badness 10000) detected at line 242
 []

) (./my_arithmetic_8f90.tex [87]) (./obj_function_8f90.tex
Underfull \vbox (badness 10000) detected at line 44
 []

) (./open_unit_8f90.tex [88]
Underfull \vbox (badness 10000) detected at line 44
 []

) (./output_8f90.tex [89]
Underfull \hbox (badness 1281) in paragraph at lines 41--42
[]\T1/phv/m/n/10 References energy-::chprod(), energy-::elprod(), energy-::ener
gyinput(), economy-::firecost(), energy-::fuelcons(),
 []

) (./performances_8f90.tex) (./plant_var_8f90.tex [90]) (./prototipo_8f90.tex)
(./read_boiler_8f90.tex [91]
Underfull \hbox (badness 2961) in paragraph at lines 59--60
[]\T1/phv/m/n/10 References abor-tex-e-cu-tion(), al-lo-cat-e-var(), dma-trixre
ad(), hcount(), ifind-en-try(), read-key-word(), rewu-nit(),
 []

) (./read_chiller_8f90.tex [92]) (./read_env_8f90.tex [93])
(./read_general_8f90.tex [94]) (./read_keyword_8f90.tex [95]
Underfull \vbox (badness 10000) detected at line 67
 []

) (./read_load_8f90.tex [96]) (./read_steam_plant_8f90.tex [97])
(./read_trigen_8f90.tex
Underfull \hbox (badness 2961) in paragraph at lines 59--60
[]\T1/phv/m/n/10 References abor-tex-e-cu-tion(), al-lo-cat-e-var(), dma-trixre
ad(), hcount(), ifind-en-try(), read-key-word(), rewu-nit(),
 []

) (./rew_unit_8f90.tex [98]
Underfull \vbox (badness 10000) detected at line 41
 []

) (./shared_8f90.tex [99]) (./v_count_8f90.tex [100]
Underfull \vbox (badness 10000) detected at line 67
 []

) (./warning_8f90.tex
Underfull \vbox (badness 10000) detected at line 53
 []

[101]) (./refman.ind [102]
Underfull \hbox (badness 10000) in paragraph at lines 3--5
[]\T1/phv/m/n/10 /home/-Codici/-Blink/-Power-Manager/src/abort-Execution.-
 []


Underfull \hbox (badness 10000) in paragraph at lines 7--9
[]\T1/phv/m/n/10 /home/-Codici/-Blink/-Power-Manager/src/allocate-Var.-f90,
 []


Underfull \hbox (badness 10000) in paragraph at lines 9--11
[]\T1/phv/m/n/10 /home/-Codici/-Blink/-Power-Manager/src/build-Plant.-f90,
 []


Underfull \hbox (badness 10000) in paragraph at lines 11--13
[]\T1/phv/m/n/10 /home/-Codici/-Blink/-Power-Manager/src/check-Plant.-f90,
 []


Underfull \hbox (badness 10000) in paragraph at lines 15--17
[]\T1/phv/m/n/10 /home/-Codici/-Blink/-Power-Manager/src/cmd-Var-Wr.-f90,
 []


Underfull \hbox (badness 10000) in paragraph at lines 17--19
[]\T1/phv/m/n/10 /home/-Codici/-Blink/-Power-Manager/src/command.-f90,
 []


Underfull \hbox (badness 10000) in paragraph at lines 19--21
[]\T1/phv/m/n/10 /home/-Codici/-Blink/-Power-Manager/src/commandline.-
 []


Underfull \hbox (badness 10000) in paragraph at lines 21--23
[]\T1/phv/m/n/10 /home/-Codici/-Blink/-Power-Manager/src/constraints.-f90,
 []


Underfull \hbox (badness 10000) in paragraph at lines 23--25
[]\T1/phv/m/n/10 /home/-Codici/-Blink/-Power-Manager/src/deallocate-Var.-
 []


Underfull \hbox (badness 10000) in paragraph at lines 27--29
[]\T1/phv/m/n/10 /home/-Codici/-Blink/-Power-Manager/src/end-Execution.-
 []


Underfull \hbox (badness 10000) in paragraph at lines 35--37
[]\T1/phv/m/n/10 /home/-Codici/-Blink/-Power-Manager/src/find-Entry2.-f90,
 []


Underfull \hbox (badness 10000) in paragraph at lines 37--39
[]\T1/phv/m/n/10 /home/-Codici/-Blink/-Power-Manager/src/global-Results.-
 []


Underfull \hbox (badness 10000) in paragraph at lines 39--41
[]\T1/phv/m/n/10 /home/-Codici/-Blink/-Power-Manager/src/graph-Tools.-f90,
 []


Underfull \hbox (badness 10000) in paragraph at lines 47--49
[]\T1/phv/m/n/10 /home/-Codici/-Blink/-Power-Manager/src/interpolation.-f90,
 []


Underfull \hbox (badness 10000) in paragraph at lines 53--55
[]\T1/phv/m/n/10 /home/-Codici/-Blink/-Power-Manager/src/math-Tools.-f90,
 []


Underfull \hbox (badness 10000) in paragraph at lines 55--57
[]\T1/phv/m/n/10 /home/-Codici/-Blink/-Power-Manager/src/matrix-Read2.-
 []


Underfull \hbox (badness 10000) in paragraph at lines 57--59
[]\T1/phv/m/n/10 /home/-Codici/-Blink/-Power-Manager/src/my-Arithmetic.-
 []


Underfull \hbox (badness 10000) in paragraph at lines 59--61
[]\T1/phv/m/n/10 /home/-Codici/-Blink/-Power-Manager/src/obj-Function.-f90,
 []


Underfull \hbox (badness 10000) in paragraph at lines 65--67
[]\T1/phv/m/n/10 /home/-Codici/-Blink/-Power-Manager/src/performances.-
 []


Underfull \hbox (badness 10000) in paragraph at lines 71--73
[]\T1/phv/m/n/10 /home/-Codici/-Blink/-Power-Manager/src/read-Boiler.-f90,
 []


Underfull \hbox (badness 10000) in paragraph at lines 73--75
[]\T1/phv/m/n/10 /home/-Codici/-Blink/-Power-Manager/src/read-Chiller.-f90,
 []


Underfull \hbox (badness 10000) in paragraph at lines 77--79
[]\T1/phv/m/n/10 /home/-Codici/-Blink/-Power-Manager/src/read-General.-f90,
 []


Underfull \hbox (badness 10000) in paragraph at lines 79--81
[]\T1/phv/m/n/10 /home/-Codici/-Blink/-Power-Manager/src/read-Keyword.-
 []


Underfull \hbox (badness 10000) in paragraph at lines 83--85
[]\T1/phv/m/n/10 /home/-Codici/-Blink/-Power-Manager/src/read-Steam-
 []


Underfull \hbox (badness 10000) in paragraph at lines 85--87
[]\T1/phv/m/n/10 /home/-Codici/-Blink/-Power-Manager/src/read-Trigen.-f90,
 []

[103

] [104] [105] [106] [107] [108] [109] [110])
Package atveryend Info: Empty hook `BeforeClearDocument' on input line 160.
Package atveryend Info: Empty hook `AfterLastShipout' on input line 160.
 (./refman.aux)
Package atveryend Info: Executing hook `AtVeryEndDocument' on input line 160.
Package atveryend Info: Executing hook `AtEndAfterFileList' on input line 160.
Package rerunfilecheck Info: File `refman.out' has not changed.
(rerunfilecheck)             Checksum: 7E9958CB76E82128A8B97F31609E33C9;83659.
Package atveryend Info: Empty hook `AtVeryVeryEnd' on input line 160.
 ) 
Here is how much of TeX's memory you used:
 13729 strings out of 495059
 219706 string characters out of 3182030
 294555 words of memory out of 3000000
 15372 multiletter control sequences out of 15000+200000
 69102 words of font info for 95 fonts, out of 3000000 for 9000
 14 hyphenation exceptions out of 8191
 41i,13n,58p,728b,529s stack positions out of 5000i,500n,10000p,200000b,50000s
pdfTeX warning (dest): name{warning_8f90_source} has been referenced but does
 not exist, replaced by a fixed one

pdfTeX warning (dest): name{v_count_8f90_source} has been referenced but does n
ot exist, replaced by a fixed one

pdfTeX warning (dest): name{shared_8f90_source} has been referenced but does no
t exist, replaced by a fixed one

pdfTeX warning (dest): name{rew_unit_8f90_source} has been referenced but does 
not exist, replaced by a fixed one

pdfTeX warning (dest): name{read_trigen_8f90_source} has been referenced but do
es not exist, replaced by a fixed one

pdfTeX warning (dest): name{read_load_8f90_source} has been referenced but does
 not exist, replaced by a fixed one

pdfTeX warning (dest): name{read_keyword_8f90_source} has been referenced but d
oes not exist, replaced by a fixed one

pdfTeX warning (dest): name{read_general_8f90_source} has been referenced but d
oes not exist, replaced by a fixed one

pdfTeX warning (dest): name{read_chiller_8f90_source} has been referenced but d
oes not exist, replaced by a fixed one

pdfTeX warning (dest): name{read_boiler_8f90_source} has been referenced but do
es not exist, replaced by a fixed one

pdfTeX warning (dest): name{prototipo_8f90_source} has been referenced but does
 not exist, replaced by a fixed one

pdfTeX warning (dest): name{plant_var_8f90_source} has been referenced but does
 not exist, replaced by a fixed one

pdfTeX warning (dest): name{performances_8f90_source} has been referenced but d
oes not exist, replaced by a fixed one

pdfTeX warning (dest): name{output_8f90_source} has been referenced but does no
t exist, replaced by a fixed one

pdfTeX warning (dest): name{open_unit_8f90_source} has been referenced but does
 not exist, replaced by a fixed one

pdfTeX warning (dest): name{obj_function_8f90_source} has been referenced but d
oes not exist, replaced by a fixed one

pdfTeX warning (dest): name{my_arithmetic_8f90_source} has been referenced but 
does not exist, replaced by a fixed one

pdfTeX warning (dest): name{matrix_read2_8f90_source} has been referenced but d
oes not exist, replaced by a fixed one

pdfTeX warning (dest): name{math_tools_8f90_source} has been referenced but doe
s not exist, replaced by a fixed one

pdfTeX warning (dest): name{main_8f90_source} has been referenced but does not 
exist, replaced by a fixed one

pdfTeX warning (dest): name{interpolation_8f90_source} has been referenced but 
does not exist, replaced by a fixed one

pdfTeX warning (dest): name{interfaces_8f90_source} has been referenced but doe
s not exist, replaced by a fixed one

pdfTeX warning (dest): name{input_var_8f90_source} has been referenced but does
 not exist, replaced by a fixed one

pdfTeX warning (dest): name{h_count_8f90_source} has been referenced but does n
ot exist, replaced by a fixed one

pdfTeX warning (dest): name{graph_tools_8f90_source} has been referenced but do
es not exist, replaced by a fixed one

pdfTeX warning (dest): name{find_entry2_8f90_source} has been referenced but do
es not exist, replaced by a fixed one

pdfTeX warning (dest): name{file_tools_8f90_source} has been referenced but doe
s not exist, replaced by a fixed one

pdfTeX warning (dest): name{euristics_8f90_source} has been referenced but does
 not exist, replaced by a fixed one

pdfTeX warning (dest): name{energy_8f90_source} has been referenced but does no
t exist, replaced by a fixed one

pdfTeX warning (dest): name{end_execution_8f90_source} has been referenced but 
does not exist, replaced by a fixed one

pdfTeX warning (dest): name{economy_8f90_source} has been referenced but does n
ot exist, replaced by a fixed one

pdfTeX warning (dest): name{constraints_8f90_source} has been referenced but do
es not exist, replaced by a fixed one

pdfTeX warning (dest): name{commandline_8f90_source} has been referenced but do
es not exist, replaced by a fixed one

pdfTeX warning (dest): name{command_8f90_source} has been referenced but does n
ot exist, replaced by a fixed one

pdfTeX warning (dest): name{cmd_var_8f90_source} has been referenced but does n
ot exist, replaced by a fixed one

pdfTeX warning (dest): name{check_plant_8f90_source} has been referenced but do
es not exist, replaced by a fixed one

pdfTeX warning (dest): name{build_plant_8f90_source} has been referenced but do
es not exist, replaced by a fixed one

pdfTeX warning (dest): name{allocate_var_8f90_source} has been referenced but d
oes not exist, replaced by a fixed one

pdfTeX warning (dest): name{aiuto_8f90_source} has been referenced but does not
 exist, replaced by a fixed one

pdfTeX warning (dest): name{abort_execution_8f90_source} has been referenced bu
t does not exist, replaced by a fixed one

{/usr/share/texlive/texmf-dist/fonts/enc/dvips/base/8r.enc}</usr/share/texlive/
texmf-dist/fonts/type1/public/amsfonts/cm/cmex10.pfb></usr/share/texlive/texmf-
dist/fonts/type1/public/amsfonts/cm/cmmi10.pfb></usr/share/texlive/texmf-dist/f
onts/type1/public/amsfonts/cm/cmr10.pfb></usr/share/texlive/texmf-dist/fonts/ty
pe1/public/amsfonts/cm/cmsy10.pfb></usr/share/texlive/texmf-dist/fonts/type1/ur
w/courier/ucrr8a.pfb></usr/share/texlive/texmf-dist/fonts/type1/urw/helvetic/uh
vb8a.pfb></usr/share/texlive/texmf-dist/fonts/type1/urw/helvetic/uhvb8ac.pfb></
usr/share/texlive/texmf-dist/fonts/type1/urw/helvetic/uhvbo8ac.pfb></usr/share/
texlive/texmf-dist/fonts/type1/urw/helvetic/uhvr8a.pfb></usr/share/texlive/texm
f-dist/fonts/type1/urw/helvetic/uhvro8a.pfb></usr/share/texlive/texmf-dist/font
s/type1/urw/symbol/usyr.pfb></usr/share/texlive/texmf-dist/fonts/type1/urw/symb
ol/usyr.pfb></usr/share/texlive/texmf-dist/fonts/type1/urw/times/utmr8a.pfb></u
sr/share/texlive/texmf-dist/fonts/type1/urw/times/utmri8a.pfb>
Output written on refman.pdf (126 pages, 499307 bytes).
PDF statistics:
 5127 PDF objects out of 5155 (max. 8388607)
 4866 compressed objects within 49 object streams
 1099 named destinations out of 1200 (max. 500000)
 4024 words of extra memory for PDF output out of 10000 (max. 10000000)

