\BOOKMARK [0][-]{chapter.1}{\376\377\000D\000a\000t\000a\000\040\000T\000y\000p\000e\000\040\000I\000n\000d\000e\000x}{}% 1
\BOOKMARK [1][-]{section.1.1}{\376\377\000D\000a\000t\000a\000\040\000T\000y\000p\000e\000s\000\040\000L\000i\000s\000t}{chapter.1}% 2
\BOOKMARK [0][-]{chapter.2}{\376\377\000F\000i\000l\000e\000\040\000I\000n\000d\000e\000x}{}% 3
\BOOKMARK [1][-]{section.2.1}{\376\377\000F\000i\000l\000e\000\040\000L\000i\000s\000t}{chapter.2}% 4
\BOOKMARK [0][-]{chapter.3}{\376\377\000D\000a\000t\000a\000\040\000T\000y\000p\000e\000\040\000D\000o\000c\000u\000m\000e\000n\000t\000a\000t\000i\000o\000n}{}% 5
\BOOKMARK [1][-]{section.3.1}{\376\377\000i\000n\000t\000e\000r\000f\000a\000c\000e\000s\000:\000:\000a\000b\000o\000r\000t\000E\000x\000e\000c\000u\000t\000i\000o\000n\000\040\000I\000n\000t\000e\000r\000f\000a\000c\000e\000\040\000R\000e\000f\000e\000r\000e\000n\000c\000e}{chapter.3}% 6
\BOOKMARK [2][-]{subsection.3.1.1}{\376\377\000D\000e\000t\000a\000i\000l\000e\000d\000\040\000D\000e\000s\000c\000r\000i\000p\000t\000i\000o\000n}{section.3.1}% 7
\BOOKMARK [2][-]{subsection.3.1.2}{\376\377\000M\000e\000m\000b\000e\000r\000\040\000F\000u\000n\000c\000t\000i\000o\000n\000/\000S\000u\000b\000r\000o\000u\000t\000i\000n\000e\000\040\000D\000o\000c\000u\000m\000e\000n\000t\000a\000t\000i\000o\000n}{section.3.1}% 8
\BOOKMARK [3][-]{subsubsection.3.1.2.1}{\376\377\000a\000b\000o\000r\000t\000e\000x\000e\000c\000u\000t\000i\000o\000n}{subsection.3.1.2}% 9
\BOOKMARK [1][-]{section.3.2}{\376\377\000f\000i\000l\000e\000t\000o\000o\000l\000s\000:\000:\000c\000F\000i\000n\000d\000E\000n\000t\000r\000y\000\040\000I\000n\000t\000e\000r\000f\000a\000c\000e\000\040\000R\000e\000f\000e\000r\000e\000n\000c\000e}{chapter.3}% 10
\BOOKMARK [2][-]{subsection.3.2.1}{\376\377\000D\000e\000t\000a\000i\000l\000e\000d\000\040\000D\000e\000s\000c\000r\000i\000p\000t\000i\000o\000n}{section.3.2}% 11
\BOOKMARK [2][-]{subsection.3.2.2}{\376\377\000M\000e\000m\000b\000e\000r\000\040\000F\000u\000n\000c\000t\000i\000o\000n\000/\000S\000u\000b\000r\000o\000u\000t\000i\000n\000e\000\040\000D\000o\000c\000u\000m\000e\000n\000t\000a\000t\000i\000o\000n}{section.3.2}% 12
\BOOKMARK [3][-]{subsubsection.3.2.2.1}{\376\377\000c\000f\000i\000n\000d\000e\000n\000t\000r\000y}{subsection.3.2.2}% 13
\BOOKMARK [1][-]{section.3.3}{\376\377\000f\000i\000l\000e\000t\000o\000o\000l\000s\000:\000:\000c\000M\000a\000t\000r\000i\000x\000R\000e\000a\000d\000\040\000I\000n\000t\000e\000r\000f\000a\000c\000e\000\040\000R\000e\000f\000e\000r\000e\000n\000c\000e}{chapter.3}% 14
\BOOKMARK [2][-]{subsection.3.3.1}{\376\377\000D\000e\000t\000a\000i\000l\000e\000d\000\040\000D\000e\000s\000c\000r\000i\000p\000t\000i\000o\000n}{section.3.3}% 15
\BOOKMARK [2][-]{subsection.3.3.2}{\376\377\000M\000e\000m\000b\000e\000r\000\040\000F\000u\000n\000c\000t\000i\000o\000n\000/\000S\000u\000b\000r\000o\000u\000t\000i\000n\000e\000\040\000D\000o\000c\000u\000m\000e\000n\000t\000a\000t\000i\000o\000n}{section.3.3}% 16
\BOOKMARK [3][-]{subsubsection.3.3.2.1}{\376\377\000c\000m\000a\000t\000r\000i\000x\000r\000e\000a\000d}{subsection.3.3.2}% 17
\BOOKMARK [1][-]{section.3.4}{\376\377\000c\000m\000d\000v\000a\000r\000\040\000M\000o\000d\000u\000l\000e\000\040\000R\000e\000f\000e\000r\000e\000n\000c\000e}{chapter.3}% 18
\BOOKMARK [2][-]{subsection.3.4.1}{\376\377\000D\000e\000t\000a\000i\000l\000e\000d\000\040\000D\000e\000s\000c\000r\000i\000p\000t\000i\000o\000n}{section.3.4}% 19
\BOOKMARK [2][-]{subsection.3.4.2}{\376\377\000M\000e\000m\000b\000e\000r\000\040\000D\000a\000t\000a\000\040\000D\000o\000c\000u\000m\000e\000n\000t\000a\000t\000i\000o\000n}{section.3.4}% 20
\BOOKMARK [3][-]{subsubsection.3.4.2.1}{\376\377\000s\000i\000l\000e\000n\000t}{subsection.3.4.2}% 21
\BOOKMARK [3][-]{subsubsection.3.4.2.2}{\376\377\000v\000e\000r\000b}{subsection.3.4.2}% 22
\BOOKMARK [3][-]{subsubsection.3.4.2.3}{\376\377\000v\000s\000i\000l\000e\000n\000t}{subsection.3.4.2}% 23
\BOOKMARK [1][-]{section.3.5}{\376\377\000g\000r\000a\000p\000h\000t\000o\000o\000l\000s\000:\000:\000c\000o\000n\000s\000t\000r\000a\000i\000n\000t\000s\000\040\000I\000n\000t\000e\000r\000f\000a\000c\000e\000\040\000R\000e\000f\000e\000r\000e\000n\000c\000e}{chapter.3}% 24
\BOOKMARK [2][-]{subsection.3.5.1}{\376\377\000D\000e\000t\000a\000i\000l\000e\000d\000\040\000D\000e\000s\000c\000r\000i\000p\000t\000i\000o\000n}{section.3.5}% 25
\BOOKMARK [2][-]{subsection.3.5.2}{\376\377\000C\000o\000n\000s\000t\000r\000u\000c\000t\000o\000r\000\040\000\046\000\040\000D\000e\000s\000t\000r\000u\000c\000t\000o\000r\000\040\000D\000o\000c\000u\000m\000e\000n\000t\000a\000t\000i\000o\000n}{section.3.5}% 26
\BOOKMARK [3][-]{subsubsection.3.5.2.1}{\376\377\000c\000o\000n\000s\000t\000r\000a\000i\000n\000t\000s}{subsection.3.5.2}% 27
\BOOKMARK [1][-]{section.3.6}{\376\377\000f\000i\000l\000e\000t\000o\000o\000l\000s\000:\000:\000d\000F\000i\000n\000d\000E\000n\000t\000r\000y\000\040\000I\000n\000t\000e\000r\000f\000a\000c\000e\000\040\000R\000e\000f\000e\000r\000e\000n\000c\000e}{chapter.3}% 28
\BOOKMARK [2][-]{subsection.3.6.1}{\376\377\000D\000e\000t\000a\000i\000l\000e\000d\000\040\000D\000e\000s\000c\000r\000i\000p\000t\000i\000o\000n}{section.3.6}% 29
\BOOKMARK [2][-]{subsection.3.6.2}{\376\377\000M\000e\000m\000b\000e\000r\000\040\000F\000u\000n\000c\000t\000i\000o\000n\000/\000S\000u\000b\000r\000o\000u\000t\000i\000n\000e\000\040\000D\000o\000c\000u\000m\000e\000n\000t\000a\000t\000i\000o\000n}{section.3.6}% 30
\BOOKMARK [3][-]{subsubsection.3.6.2.1}{\376\377\000d\000f\000i\000n\000d\000e\000n\000t\000r\000y}{subsection.3.6.2}% 31
\BOOKMARK [1][-]{section.3.7}{\376\377\000f\000i\000l\000e\000t\000o\000o\000l\000s\000:\000:\000d\000M\000a\000t\000r\000i\000x\000R\000e\000a\000d\000\040\000I\000n\000t\000e\000r\000f\000a\000c\000e\000\040\000R\000e\000f\000e\000r\000e\000n\000c\000e}{chapter.3}% 32
\BOOKMARK [2][-]{subsection.3.7.1}{\376\377\000D\000e\000t\000a\000i\000l\000e\000d\000\040\000D\000e\000s\000c\000r\000i\000p\000t\000i\000o\000n}{section.3.7}% 33
\BOOKMARK [2][-]{subsection.3.7.2}{\376\377\000M\000e\000m\000b\000e\000r\000\040\000F\000u\000n\000c\000t\000i\000o\000n\000/\000S\000u\000b\000r\000o\000u\000t\000i\000n\000e\000\040\000D\000o\000c\000u\000m\000e\000n\000t\000a\000t\000i\000o\000n}{section.3.7}% 34
\BOOKMARK [3][-]{subsubsection.3.7.2.1}{\376\377\000d\000m\000a\000t\000r\000i\000x\000r\000e\000a\000d}{subsection.3.7.2}% 35
\BOOKMARK [1][-]{section.3.8}{\376\377\000e\000c\000o\000n\000o\000m\000y\000\040\000M\000o\000d\000u\000l\000e\000\040\000R\000e\000f\000e\000r\000e\000n\000c\000e}{chapter.3}% 36
\BOOKMARK [2][-]{subsection.3.8.1}{\376\377\000D\000e\000t\000a\000i\000l\000e\000d\000\040\000D\000e\000s\000c\000r\000i\000p\000t\000i\000o\000n}{section.3.8}% 37
\BOOKMARK [2][-]{subsection.3.8.2}{\376\377\000M\000e\000m\000b\000e\000r\000\040\000F\000u\000n\000c\000t\000i\000o\000n\000/\000S\000u\000b\000r\000o\000u\000t\000i\000n\000e\000\040\000D\000o\000c\000u\000m\000e\000n\000t\000a\000t\000i\000o\000n}{section.3.8}% 38
\BOOKMARK [3][-]{subsubsection.3.8.2.1}{\376\377\000c\000h\000r\000e\000v}{subsection.3.8.2}% 39
\BOOKMARK [3][-]{subsubsection.3.8.2.2}{\376\377\000c\000u\000r\000r\000c\000o\000s\000t}{subsection.3.8.2}% 40
\BOOKMARK [3][-]{subsubsection.3.8.2.3}{\376\377\000e\000l\000r\000e\000v}{subsection.3.8.2}% 41
\BOOKMARK [3][-]{subsubsection.3.8.2.4}{\376\377\000f\000i\000r\000e\000c\000o\000s\000t}{subsection.3.8.2}% 42
\BOOKMARK [3][-]{subsubsection.3.8.2.5}{\376\377\000f\000u\000e\000l\000c\000o\000s\000t}{subsection.3.8.2}% 43
\BOOKMARK [3][-]{subsubsection.3.8.2.6}{\376\377\000m\000a\000i\000n\000t\000e\000n\000a\000n\000c\000e\000c\000o\000s\000t}{subsection.3.8.2}% 44
\BOOKMARK [3][-]{subsubsection.3.8.2.7}{\376\377\000t\000h\000r\000e\000v}{subsection.3.8.2}% 45
\BOOKMARK [1][-]{section.3.9}{\376\377\000e\000n\000e\000r\000g\000y\000\040\000M\000o\000d\000u\000l\000e\000\040\000R\000e\000f\000e\000r\000e\000n\000c\000e}{chapter.3}% 46
\BOOKMARK [2][-]{subsection.3.9.1}{\376\377\000D\000e\000t\000a\000i\000l\000e\000d\000\040\000D\000e\000s\000c\000r\000i\000p\000t\000i\000o\000n}{section.3.9}% 47
\BOOKMARK [2][-]{subsection.3.9.2}{\376\377\000M\000e\000m\000b\000e\000r\000\040\000F\000u\000n\000c\000t\000i\000o\000n\000/\000S\000u\000b\000r\000o\000u\000t\000i\000n\000e\000\040\000D\000o\000c\000u\000m\000e\000n\000t\000a\000t\000i\000o\000n}{section.3.9}% 48
\BOOKMARK [3][-]{subsubsection.3.9.2.1}{\376\377\000c\000h\000p\000r\000o\000d}{subsection.3.9.2}% 49
\BOOKMARK [3][-]{subsubsection.3.9.2.2}{\376\377\000e\000l\000p\000r\000o\000d}{subsection.3.9.2}% 50
\BOOKMARK [3][-]{subsubsection.3.9.2.3}{\376\377\000e\000l\000s\000e\000l\000f\000c\000o\000n\000s}{subsection.3.9.2}% 51
\BOOKMARK [3][-]{subsubsection.3.9.2.4}{\376\377\000f\000u\000e\000l\000c\000o\000n\000s}{subsection.3.9.2}% 52
\BOOKMARK [3][-]{subsubsection.3.9.2.5}{\376\377\000t\000h\000p\000r\000o\000d}{subsection.3.9.2}% 53
\BOOKMARK [3][-]{subsubsection.3.9.2.6}{\376\377\000t\000h\000s\000e\000l\000f\000c\000o\000n\000s}{subsection.3.9.2}% 54
\BOOKMARK [1][-]{section.3.10}{\376\377\000f\000i\000l\000e\000t\000o\000o\000l\000s\000\040\000M\000o\000d\000u\000l\000e\000\040\000R\000e\000f\000e\000r\000e\000n\000c\000e}{chapter.3}% 55
\BOOKMARK [2][-]{subsection.3.10.1}{\376\377\000D\000e\000t\000a\000i\000l\000e\000d\000\040\000D\000e\000s\000c\000r\000i\000p\000t\000i\000o\000n}{section.3.10}% 56
\BOOKMARK [1][-]{section.3.11}{\376\377\000f\000i\000l\000e\000t\000o\000o\000l\000s\000:\000:\000f\000i\000n\000d\000E\000n\000t\000r\000y\000\040\000I\000n\000t\000e\000r\000f\000a\000c\000e\000\040\000R\000e\000f\000e\000r\000e\000n\000c\000e}{chapter.3}% 57
\BOOKMARK [2][-]{subsection.3.11.1}{\376\377\000D\000e\000t\000a\000i\000l\000e\000d\000\040\000D\000e\000s\000c\000r\000i\000p\000t\000i\000o\000n}{section.3.11}% 58
\BOOKMARK [2][-]{subsection.3.11.2}{\376\377\000M\000e\000m\000b\000e\000r\000\040\000F\000u\000n\000c\000t\000i\000o\000n\000/\000S\000u\000b\000r\000o\000u\000t\000i\000n\000e\000\040\000D\000o\000c\000u\000m\000e\000n\000t\000a\000t\000i\000o\000n}{section.3.11}% 59
\BOOKMARK [3][-]{subsubsection.3.11.2.1}{\376\377\000f\000i\000n\000d\000e\000n\000t\000r\000y}{subsection.3.11.2}% 60
\BOOKMARK [1][-]{section.3.12}{\376\377\000g\000r\000a\000p\000h\000t\000o\000o\000l\000s\000\040\000M\000o\000d\000u\000l\000e\000\040\000R\000e\000f\000e\000r\000e\000n\000c\000e}{chapter.3}% 61
\BOOKMARK [2][-]{subsection.3.12.1}{\376\377\000D\000e\000t\000a\000i\000l\000e\000d\000\040\000D\000e\000s\000c\000r\000i\000p\000t\000i\000o\000n}{section.3.12}% 62
\BOOKMARK [2][-]{subsection.3.12.2}{\376\377\000M\000e\000m\000b\000e\000r\000\040\000F\000u\000n\000c\000t\000i\000o\000n\000/\000S\000u\000b\000r\000o\000u\000t\000i\000n\000e\000\040\000D\000o\000c\000u\000m\000e\000n\000t\000a\000t\000i\000o\000n}{section.3.12}% 63
\BOOKMARK [3][-]{subsubsection.3.12.2.1}{\376\377\000a\000l\000l\000c\000o\000m\000b\000i\000n}{subsection.3.12.2}% 64
\BOOKMARK [3][-]{subsubsection.3.12.2.2}{\376\377\000g\000r\000a\000p\000h\000a\000r\000c\000s}{subsection.3.12.2}% 65
\BOOKMARK [3][-]{subsubsection.3.12.2.3}{\376\377\000g\000r\000a\000p\000h\000p\000o\000i\000n\000t\000s}{subsection.3.12.2}% 66
\BOOKMARK [3][-]{subsubsection.3.12.2.4}{\376\377\000m\000i\000n\000p\000a\000t\000h\000t\000o\000p\000o}{subsection.3.12.2}% 67
\BOOKMARK [1][-]{section.3.13}{\376\377\000f\000i\000l\000e\000t\000o\000o\000l\000s\000:\000:\000h\000C\000o\000u\000n\000t\000\040\000I\000n\000t\000e\000r\000f\000a\000c\000e\000\040\000R\000e\000f\000e\000r\000e\000n\000c\000e}{chapter.3}% 68
\BOOKMARK [2][-]{subsection.3.13.1}{\376\377\000D\000e\000t\000a\000i\000l\000e\000d\000\040\000D\000e\000s\000c\000r\000i\000p\000t\000i\000o\000n}{section.3.13}% 69
\BOOKMARK [2][-]{subsection.3.13.2}{\376\377\000M\000e\000m\000b\000e\000r\000\040\000F\000u\000n\000c\000t\000i\000o\000n\000/\000S\000u\000b\000r\000o\000u\000t\000i\000n\000e\000\040\000D\000o\000c\000u\000m\000e\000n\000t\000a\000t\000i\000o\000n}{section.3.13}% 70
\BOOKMARK [3][-]{subsubsection.3.13.2.1}{\376\377\000h\000c\000o\000u\000n\000t}{subsection.3.13.2}% 71
\BOOKMARK [1][-]{section.3.14}{\376\377\000f\000i\000l\000e\000t\000o\000o\000l\000s\000:\000:\000i\000F\000i\000n\000d\000E\000n\000t\000r\000y\000\040\000I\000n\000t\000e\000r\000f\000a\000c\000e\000\040\000R\000e\000f\000e\000r\000e\000n\000c\000e}{chapter.3}% 72
\BOOKMARK [2][-]{subsection.3.14.1}{\376\377\000D\000e\000t\000a\000i\000l\000e\000d\000\040\000D\000e\000s\000c\000r\000i\000p\000t\000i\000o\000n}{section.3.14}% 73
\BOOKMARK [2][-]{subsection.3.14.2}{\376\377\000M\000e\000m\000b\000e\000r\000\040\000F\000u\000n\000c\000t\000i\000o\000n\000/\000S\000u\000b\000r\000o\000u\000t\000i\000n\000e\000\040\000D\000o\000c\000u\000m\000e\000n\000t\000a\000t\000i\000o\000n}{section.3.14}% 74
\BOOKMARK [3][-]{subsubsection.3.14.2.1}{\376\377\000i\000f\000i\000n\000d\000e\000n\000t\000r\000y}{subsection.3.14.2}% 75
\BOOKMARK [1][-]{section.3.15}{\376\377\000f\000i\000l\000e\000t\000o\000o\000l\000s\000:\000:\000i\000M\000a\000t\000r\000i\000x\000R\000e\000a\000d\000\040\000I\000n\000t\000e\000r\000f\000a\000c\000e\000\040\000R\000e\000f\000e\000r\000e\000n\000c\000e}{chapter.3}% 76
\BOOKMARK [2][-]{subsection.3.15.1}{\376\377\000D\000e\000t\000a\000i\000l\000e\000d\000\040\000D\000e\000s\000c\000r\000i\000p\000t\000i\000o\000n}{section.3.15}% 77
\BOOKMARK [2][-]{subsection.3.15.2}{\376\377\000M\000e\000m\000b\000e\000r\000\040\000F\000u\000n\000c\000t\000i\000o\000n\000/\000S\000u\000b\000r\000o\000u\000t\000i\000n\000e\000\040\000D\000o\000c\000u\000m\000e\000n\000t\000a\000t\000i\000o\000n}{section.3.15}% 78
\BOOKMARK [3][-]{subsubsection.3.15.2.1}{\376\377\000i\000m\000a\000t\000r\000i\000x\000r\000e\000a\000d}{subsection.3.15.2}% 79
\BOOKMARK [1][-]{section.3.16}{\376\377\000i\000n\000p\000u\000t\000v\000a\000r\000\040\000M\000o\000d\000u\000l\000e\000\040\000R\000e\000f\000e\000r\000e\000n\000c\000e}{chapter.3}% 80
\BOOKMARK [2][-]{subsection.3.16.1}{\376\377\000D\000e\000t\000a\000i\000l\000e\000d\000\040\000D\000e\000s\000c\000r\000i\000p\000t\000i\000o\000n}{section.3.16}% 81
\BOOKMARK [2][-]{subsection.3.16.2}{\376\377\000M\000e\000m\000b\000e\000r\000\040\000D\000a\000t\000a\000\040\000D\000o\000c\000u\000m\000e\000n\000t\000a\000t\000i\000o\000n}{section.3.16}% 82
\BOOKMARK [3][-]{subsubsection.3.16.2.1}{\376\377\000c\000c\000h}{subsection.3.16.2}% 83
\BOOKMARK [3][-]{subsubsection.3.16.2.2}{\376\377\000c\000e\000l}{subsection.3.16.2}% 84
\BOOKMARK [3][-]{subsubsection.3.16.2.3}{\376\377\000c\000t\000h}{subsection.3.16.2}% 85
\BOOKMARK [3][-]{subsubsection.3.16.2.4}{\376\377\000d\000e\000g\000r\000a\000t\000e\000b}{subsection.3.16.2}% 86
\BOOKMARK [3][-]{subsubsection.3.16.2.5}{\376\377\000d\000e\000g\000r\000a\000t\000e\000c}{subsection.3.16.2}% 87
\BOOKMARK [3][-]{subsubsection.3.16.2.6}{\376\377\000d\000e\000g\000r\000a\000t\000e\000t}{subsection.3.16.2}% 88
\BOOKMARK [3][-]{subsubsection.3.16.2.7}{\376\377\000d\000t\0001}{subsection.3.16.2}% 89
\BOOKMARK [3][-]{subsubsection.3.16.2.8}{\376\377\000e\000t\000a\000b}{subsection.3.16.2}% 90
\BOOKMARK [3][-]{subsubsection.3.16.2.9}{\376\377\000e\000t\000a\000c}{subsection.3.16.2}% 91
\BOOKMARK [3][-]{subsubsection.3.16.2.10}{\376\377\000e\000t\000a\000c\000h\000t}{subsection.3.16.2}% 92
\BOOKMARK [3][-]{subsubsection.3.16.2.11}{\376\377\000e\000t\000a\000e\000l\000t}{subsection.3.16.2}% 93
\BOOKMARK [3][-]{subsubsection.3.16.2.12}{\376\377\000e\000t\000a\000t\000h\000t}{subsection.3.16.2}% 94
\BOOKMARK [3][-]{subsubsection.3.16.2.13}{\376\377\000f\000i\000r\000e\000c\000o\000s\000t\000b}{subsection.3.16.2}% 95
\BOOKMARK [3][-]{subsubsection.3.16.2.14}{\376\377\000f\000i\000r\000e\000c\000o\000s\000t\000c}{subsection.3.16.2}% 96
\BOOKMARK [3][-]{subsubsection.3.16.2.15}{\376\377\000f\000i\000r\000e\000c\000o\000s\000t\000t}{subsection.3.16.2}% 97
\BOOKMARK [3][-]{subsubsection.3.16.2.16}{\376\377\000f\000u\000e\000l\000c\000o\000s\000t\000b}{subsection.3.16.2}% 98
\BOOKMARK [3][-]{subsubsection.3.16.2.17}{\376\377\000f\000u\000e\000l\000c\000o\000s\000t\000t}{subsection.3.16.2}% 99
\BOOKMARK [3][-]{subsubsection.3.16.2.18}{\376\377\000f\000u\000e\000l\000l\000h\000v\000b}{subsection.3.16.2}% 100
\BOOKMARK [3][-]{subsubsection.3.16.2.19}{\376\377\000f\000u\000e\000l\000l\000h\000v\000t}{subsection.3.16.2}% 101
\BOOKMARK [3][-]{subsubsection.3.16.2.20}{\376\377\000g\000r\000i\000d\000b\000u\000y\000c\000o\000s\000t}{subsection.3.16.2}% 102
\BOOKMARK [3][-]{subsubsection.3.16.2.21}{\376\377\000g\000r\000i\000d\000c\000o\000n\000n\000e\000c\000t\000i\000o\000n}{subsection.3.16.2}% 103
\BOOKMARK [3][-]{subsubsection.3.16.2.22}{\376\377\000g\000r\000i\000d\000s\000e\000l\000l\000c\000o\000s\000t}{subsection.3.16.2}% 104
\BOOKMARK [3][-]{subsubsection.3.16.2.23}{\376\377\000i\000c\000h}{subsection.3.16.2}% 105
\BOOKMARK [3][-]{subsubsection.3.16.2.24}{\376\377\000i\000c\000h\000p}{subsection.3.16.2}% 106
\BOOKMARK [3][-]{subsubsection.3.16.2.25}{\376\377\000i\000d\000e\000g}{subsection.3.16.2}% 107
\BOOKMARK [3][-]{subsubsection.3.16.2.26}{\376\377\000i\000e\000l}{subsection.3.16.2}% 108
\BOOKMARK [3][-]{subsubsection.3.16.2.27}{\376\377\000i\000e\000l\000p}{subsection.3.16.2}% 109
\BOOKMARK [3][-]{subsubsection.3.16.2.28}{\376\377\000i\000n\000v\000b}{subsection.3.16.2}% 110
\BOOKMARK [3][-]{subsubsection.3.16.2.29}{\376\377\000i\000n\000v\000c}{subsection.3.16.2}% 111
\BOOKMARK [3][-]{subsubsection.3.16.2.30}{\376\377\000i\000n\000v\000t}{subsection.3.16.2}% 112
\BOOKMARK [3][-]{subsubsection.3.16.2.31}{\376\377\000i\000t\000h}{subsection.3.16.2}% 113
\BOOKMARK [3][-]{subsubsection.3.16.2.32}{\376\377\000i\000t\000h\000p}{subsection.3.16.2}% 114
\BOOKMARK [3][-]{subsubsection.3.16.2.33}{\376\377\000i\000t\000i\000m\000e}{subsection.3.16.2}% 115
\BOOKMARK [3][-]{subsubsection.3.16.2.34}{\376\377\000k\000s\000i\000z\000e\000b}{subsection.3.16.2}% 116
\BOOKMARK [3][-]{subsubsection.3.16.2.35}{\376\377\000k\000s\000i\000z\000e\000c}{subsection.3.16.2}% 117
\BOOKMARK [3][-]{subsubsection.3.16.2.36}{\376\377\000k\000s\000i\000z\000e\000t}{subsection.3.16.2}% 118
\BOOKMARK [3][-]{subsubsection.3.16.2.37}{\376\377\000l\000i\000f\000e\000b}{subsection.3.16.2}% 119
\BOOKMARK [3][-]{subsubsection.3.16.2.38}{\376\377\000l\000i\000f\000e\000c}{subsection.3.16.2}% 120
\BOOKMARK [3][-]{subsubsection.3.16.2.39}{\376\377\000l\000i\000f\000e\000t}{subsection.3.16.2}% 121
\BOOKMARK [3][-]{subsubsection.3.16.2.40}{\376\377\000m\000a\000i\000n\000t\000c\000o\000s\000t\000b}{subsection.3.16.2}% 122
\BOOKMARK [3][-]{subsubsection.3.16.2.41}{\376\377\000m\000a\000i\000n\000t\000c\000o\000s\000t\000c}{subsection.3.16.2}% 123
\BOOKMARK [3][-]{subsubsection.3.16.2.42}{\376\377\000m\000a\000i\000n\000t\000c\000o\000s\000t\000t}{subsection.3.16.2}% 124
\BOOKMARK [3][-]{subsubsection.3.16.2.43}{\376\377\000n\000b\000o\000i}{subsection.3.16.2}% 125
\BOOKMARK [3][-]{subsubsection.3.16.2.44}{\376\377\000n\000c\000h\000i}{subsection.3.16.2}% 126
\BOOKMARK [3][-]{subsubsection.3.16.2.45}{\376\377\000n\000e\000t\000a\000b}{subsection.3.16.2}% 127
\BOOKMARK [3][-]{subsubsection.3.16.2.46}{\376\377\000n\000e\000t\000a\000c}{subsection.3.16.2}% 128
\BOOKMARK [3][-]{subsubsection.3.16.2.47}{\376\377\000n\000e\000t\000a\000c\000h\000t}{subsection.3.16.2}% 129
\BOOKMARK [3][-]{subsubsection.3.16.2.48}{\376\377\000n\000e\000t\000a\000e\000l\000t}{subsection.3.16.2}% 130
\BOOKMARK [3][-]{subsubsection.3.16.2.49}{\376\377\000n\000e\000t\000a\000t\000h\000t}{subsection.3.16.2}% 131
\BOOKMARK [3][-]{subsubsection.3.16.2.50}{\376\377\000n\000l\000d}{subsection.3.16.2}% 132
\BOOKMARK [3][-]{subsubsection.3.16.2.51}{\376\377\000n\000l\000o\000a\000d}{subsection.3.16.2}% 133
\BOOKMARK [3][-]{subsubsection.3.16.2.52}{\376\377\000n\000l\000p}{subsection.3.16.2}% 134
\BOOKMARK [3][-]{subsubsection.3.16.2.53}{\376\377\000n\000s\000i\000z\000e\000b}{subsection.3.16.2}% 135
\BOOKMARK [3][-]{subsubsection.3.16.2.54}{\376\377\000n\000s\000i\000z\000e\000c}{subsection.3.16.2}% 136
\BOOKMARK [3][-]{subsubsection.3.16.2.55}{\376\377\000n\000s\000i\000z\000e\000t}{subsection.3.16.2}% 137
\BOOKMARK [3][-]{subsubsection.3.16.2.56}{\376\377\000n\000s\000p\000b}{subsection.3.16.2}% 138
\BOOKMARK [3][-]{subsubsection.3.16.2.57}{\376\377\000n\000s\000p\000c}{subsection.3.16.2}% 139
\BOOKMARK [3][-]{subsubsection.3.16.2.58}{\376\377\000n\000s\000p\000t}{subsection.3.16.2}% 140
\BOOKMARK [3][-]{subsubsection.3.16.2.59}{\376\377\000n\000t\000i\000m\000e}{subsection.3.16.2}% 141
\BOOKMARK [3][-]{subsubsection.3.16.2.60}{\376\377\000n\000t\000i\000m\000e\000s}{subsection.3.16.2}% 142
\BOOKMARK [3][-]{subsubsection.3.16.2.61}{\376\377\000n\000t\000r\000i\000g}{subsection.3.16.2}% 143
\BOOKMARK [3][-]{subsubsection.3.16.2.62}{\376\377\000o\000b\000j}{subsection.3.16.2}% 144
\BOOKMARK [3][-]{subsubsection.3.16.2.63}{\376\377\000p\000m\000a\000x\000b}{subsection.3.16.2}% 145
\BOOKMARK [3][-]{subsubsection.3.16.2.64}{\376\377\000p\000m\000a\000x\000c}{subsection.3.16.2}% 146
\BOOKMARK [3][-]{subsubsection.3.16.2.65}{\376\377\000p\000m\000a\000x\000t}{subsection.3.16.2}% 147
\BOOKMARK [3][-]{subsubsection.3.16.2.66}{\376\377\000s\000p\000b}{subsection.3.16.2}% 148
\BOOKMARK [3][-]{subsubsection.3.16.2.67}{\376\377\000s\000p\000c}{subsection.3.16.2}% 149
\BOOKMARK [3][-]{subsubsection.3.16.2.68}{\376\377\000s\000p\000t}{subsection.3.16.2}% 150
\BOOKMARK [3][-]{subsubsection.3.16.2.69}{\376\377\000s\000t\000a\000r\000t\000p\000o\000i\000n\000t}{subsection.3.16.2}% 151
\BOOKMARK [3][-]{subsubsection.3.16.2.70}{\376\377\000t\000e\000c\000b}{subsection.3.16.2}% 152
\BOOKMARK [3][-]{subsubsection.3.16.2.71}{\376\377\000t\000e\000c\000c}{subsection.3.16.2}% 153
\BOOKMARK [3][-]{subsubsection.3.16.2.72}{\376\377\000t\000e\000c\000t}{subsection.3.16.2}% 154
\BOOKMARK [3][-]{subsubsection.3.16.2.73}{\376\377\000t\000i\000m\000e}{subsection.3.16.2}% 155
\BOOKMARK [3][-]{subsubsection.3.16.2.74}{\376\377\000u\000c\000h}{subsection.3.16.2}% 156
\BOOKMARK [3][-]{subsubsection.3.16.2.75}{\376\377\000u\000e\000l}{subsection.3.16.2}% 157
\BOOKMARK [3][-]{subsubsection.3.16.2.76}{\376\377\000u\000t\000h}{subsection.3.16.2}% 158
\BOOKMARK [1][-]{section.3.17}{\376\377\000i\000n\000t\000e\000r\000f\000a\000c\000e\000s\000\040\000M\000o\000d\000u\000l\000e\000\040\000R\000e\000f\000e\000r\000e\000n\000c\000e}{chapter.3}% 159
\BOOKMARK [2][-]{subsection.3.17.1}{\376\377\000D\000e\000t\000a\000i\000l\000e\000d\000\040\000D\000e\000s\000c\000r\000i\000p\000t\000i\000o\000n}{section.3.17}% 160
\BOOKMARK [1][-]{section.3.18}{\376\377\000m\000a\000t\000h\000t\000o\000o\000l\000s\000:\000:\000i\000n\000t\000e\000r\000p\000o\000l\000a\000t\000i\000o\000n\000\040\000I\000n\000t\000e\000r\000f\000a\000c\000e\000\040\000R\000e\000f\000e\000r\000e\000n\000c\000e}{chapter.3}% 161
\BOOKMARK [2][-]{subsection.3.18.1}{\376\377\000D\000e\000t\000a\000i\000l\000e\000d\000\040\000D\000e\000s\000c\000r\000i\000p\000t\000i\000o\000n}{section.3.18}% 162
\BOOKMARK [2][-]{subsection.3.18.2}{\376\377\000C\000o\000n\000s\000t\000r\000u\000c\000t\000o\000r\000\040\000\046\000\040\000D\000e\000s\000t\000r\000u\000c\000t\000o\000r\000\040\000D\000o\000c\000u\000m\000e\000n\000t\000a\000t\000i\000o\000n}{section.3.18}% 163
\BOOKMARK [3][-]{subsubsection.3.18.2.1}{\376\377\000i\000n\000t\000e\000r\000p\000o\000l\000a\000t\000i\000o\000n}{subsection.3.18.2}% 164
\BOOKMARK [1][-]{section.3.19}{\376\377\000m\000a\000t\000h\000t\000o\000o\000l\000s\000\040\000M\000o\000d\000u\000l\000e\000\040\000R\000e\000f\000e\000r\000e\000n\000c\000e}{chapter.3}% 165
\BOOKMARK [2][-]{subsection.3.19.1}{\376\377\000D\000e\000t\000a\000i\000l\000e\000d\000\040\000D\000e\000s\000c\000r\000i\000p\000t\000i\000o\000n}{section.3.19}% 166
\BOOKMARK [1][-]{section.3.20}{\376\377\000f\000i\000l\000e\000t\000o\000o\000l\000s\000:\000:\000m\000a\000t\000r\000i\000x\000R\000e\000a\000d\000\040\000I\000n\000t\000e\000r\000f\000a\000c\000e\000\040\000R\000e\000f\000e\000r\000e\000n\000c\000e}{chapter.3}% 167
\BOOKMARK [2][-]{subsection.3.20.1}{\376\377\000D\000e\000t\000a\000i\000l\000e\000d\000\040\000D\000e\000s\000c\000r\000i\000p\000t\000i\000o\000n}{section.3.20}% 168
\BOOKMARK [2][-]{subsection.3.20.2}{\376\377\000M\000e\000m\000b\000e\000r\000\040\000F\000u\000n\000c\000t\000i\000o\000n\000/\000S\000u\000b\000r\000o\000u\000t\000i\000n\000e\000\040\000D\000o\000c\000u\000m\000e\000n\000t\000a\000t\000i\000o\000n}{section.3.20}% 169
\BOOKMARK [3][-]{subsubsection.3.20.2.1}{\376\377\000m\000a\000t\000r\000i\000x\000r\000e\000a\000d}{subsection.3.20.2}% 170
\BOOKMARK [1][-]{section.3.21}{\376\377\000m\000y\000a\000r\000i\000t\000h\000m\000e\000t\000i\000c\000\040\000M\000o\000d\000u\000l\000e\000\040\000R\000e\000f\000e\000r\000e\000n\000c\000e}{chapter.3}% 171
\BOOKMARK [2][-]{subsection.3.21.1}{\376\377\000D\000e\000t\000a\000i\000l\000e\000d\000\040\000D\000e\000s\000c\000r\000i\000p\000t\000i\000o\000n}{section.3.21}% 172
\BOOKMARK [2][-]{subsection.3.21.2}{\376\377\000M\000e\000m\000b\000e\000r\000\040\000F\000u\000n\000c\000t\000i\000o\000n\000/\000S\000u\000b\000r\000o\000u\000t\000i\000n\000e\000\040\000D\000o\000c\000u\000m\000e\000n\000t\000a\000t\000i\000o\000n}{section.3.21}% 173
\BOOKMARK [3][-]{subsubsection.3.21.2.1}{\376\377\000i\000n\000a\000n}{subsection.3.21.2}% 174
\BOOKMARK [3][-]{subsubsection.3.21.2.2}{\376\377\000i\000s\000n\000a\000n}{subsection.3.21.2}% 175
\BOOKMARK [3][-]{subsubsection.3.21.2.3}{\376\377\000r\000n\000a\000n}{subsection.3.21.2}% 176
\BOOKMARK [1][-]{section.3.22}{\376\377\000g\000r\000a\000p\000h\000t\000o\000o\000l\000s\000:\000:\000o\000b\000j\000F\000u\000n\000c\000t\000i\000o\000n\000\040\000I\000n\000t\000e\000r\000f\000a\000c\000e\000\040\000R\000e\000f\000e\000r\000e\000n\000c\000e}{chapter.3}% 177
\BOOKMARK [2][-]{subsection.3.22.1}{\376\377\000D\000e\000t\000a\000i\000l\000e\000d\000\040\000D\000e\000s\000c\000r\000i\000p\000t\000i\000o\000n}{section.3.22}% 178
\BOOKMARK [2][-]{subsection.3.22.2}{\376\377\000M\000e\000m\000b\000e\000r\000\040\000F\000u\000n\000c\000t\000i\000o\000n\000/\000S\000u\000b\000r\000o\000u\000t\000i\000n\000e\000\040\000D\000o\000c\000u\000m\000e\000n\000t\000a\000t\000i\000o\000n}{section.3.22}% 179
\BOOKMARK [3][-]{subsubsection.3.22.2.1}{\376\377\000o\000b\000j\000f\000u\000n\000c\000t\000i\000o\000n}{subsection.3.22.2}% 180
\BOOKMARK [1][-]{section.3.23}{\376\377\000p\000l\000a\000n\000t\000v\000a\000r\000\040\000M\000o\000d\000u\000l\000e\000\040\000R\000e\000f\000e\000r\000e\000n\000c\000e}{chapter.3}% 181
\BOOKMARK [2][-]{subsection.3.23.1}{\376\377\000D\000e\000t\000a\000i\000l\000e\000d\000\040\000D\000e\000s\000c\000r\000i\000p\000t\000i\000o\000n}{section.3.23}% 182
\BOOKMARK [2][-]{subsection.3.23.2}{\376\377\000M\000e\000m\000b\000e\000r\000\040\000D\000a\000t\000a\000\040\000D\000o\000c\000u\000m\000e\000n\000t\000a\000t\000i\000o\000n}{section.3.23}% 183
\BOOKMARK [3][-]{subsubsection.3.23.2.1}{\376\377\000c\000f}{subsection.3.23.2}% 184
\BOOKMARK [3][-]{subsubsection.3.23.2.2}{\376\377\000c\000r}{subsection.3.23.2}% 185
\BOOKMARK [3][-]{subsubsection.3.23.2.3}{\376\377\000c\000r\000e\000f}{subsection.3.23.2}% 186
\BOOKMARK [3][-]{subsubsection.3.23.2.4}{\376\377\000d\000t}{subsection.3.23.2}% 187
\BOOKMARK [3][-]{subsubsection.3.23.2.5}{\376\377\000e\000t\000a\000b\000\137}{subsection.3.23.2}% 188
\BOOKMARK [3][-]{subsubsection.3.23.2.6}{\376\377\000e\000t\000a\000c\000\137}{subsection.3.23.2}% 189
\BOOKMARK [3][-]{subsubsection.3.23.2.7}{\376\377\000e\000t\000a\000c\000h}{subsection.3.23.2}% 190
\BOOKMARK [3][-]{subsubsection.3.23.2.8}{\376\377\000e\000t\000a\000c\000h\000t\000\137}{subsection.3.23.2}% 191
\BOOKMARK [3][-]{subsubsection.3.23.2.9}{\376\377\000e\000t\000a\000e\000l}{subsection.3.23.2}% 192
\BOOKMARK [3][-]{subsubsection.3.23.2.10}{\376\377\000e\000t\000a\000e\000l\000t\000\137}{subsection.3.23.2}% 193
\BOOKMARK [3][-]{subsubsection.3.23.2.11}{\376\377\000e\000t\000a\000t\000h}{subsection.3.23.2}% 194
\BOOKMARK [3][-]{subsubsection.3.23.2.12}{\376\377\000e\000t\000a\000t\000h\000t\000\137}{subsection.3.23.2}% 195
\BOOKMARK [3][-]{subsubsection.3.23.2.13}{\376\377\000i\000b}{subsection.3.23.2}% 196
\BOOKMARK [3][-]{subsubsection.3.23.2.14}{\376\377\000i\000c}{subsection.3.23.2}% 197
\BOOKMARK [3][-]{subsubsection.3.23.2.15}{\376\377\000i\000e}{subsection.3.23.2}% 198
\BOOKMARK [3][-]{subsubsection.3.23.2.16}{\376\377\000i\000s}{subsection.3.23.2}% 199
\BOOKMARK [3][-]{subsubsection.3.23.2.17}{\376\377\000i\000t}{subsection.3.23.2}% 200
\BOOKMARK [3][-]{subsubsection.3.23.2.18}{\376\377\000l\000h\000v}{subsection.3.23.2}% 201
\BOOKMARK [3][-]{subsubsection.3.23.2.19}{\376\377\000n\000m}{subsection.3.23.2}% 202
\BOOKMARK [3][-]{subsubsection.3.23.2.20}{\376\377\000n\000s\000p}{subsection.3.23.2}% 203
\BOOKMARK [3][-]{subsubsection.3.23.2.21}{\376\377\000n\000s\000p\000t\000o\000t}{subsection.3.23.2}% 204
\BOOKMARK [3][-]{subsubsection.3.23.2.22}{\376\377\000o\000e\000m\000c\000o\000s\000t}{subsection.3.23.2}% 205
\BOOKMARK [3][-]{subsubsection.3.23.2.23}{\376\377\000o\000n\000o\000f\000f\000c\000o\000s\000t}{subsection.3.23.2}% 206
\BOOKMARK [3][-]{subsubsection.3.23.2.24}{\376\377\000p\000e\000s}{subsection.3.23.2}% 207
\BOOKMARK [3][-]{subsubsection.3.23.2.25}{\376\377\000p\000m\000a\000x}{subsection.3.23.2}% 208
\BOOKMARK [3][-]{subsubsection.3.23.2.26}{\376\377\000s\000p}{subsection.3.23.2}% 209
\BOOKMARK [1][-]{section.3.24}{\376\377\000f\000i\000l\000e\000t\000o\000o\000l\000s\000:\000:\000r\000e\000a\000d\000K\000e\000y\000w\000o\000r\000d\000\040\000I\000n\000t\000e\000r\000f\000a\000c\000e\000\040\000R\000e\000f\000e\000r\000e\000n\000c\000e}{chapter.3}% 210
\BOOKMARK [2][-]{subsection.3.24.1}{\376\377\000D\000e\000t\000a\000i\000l\000e\000d\000\040\000D\000e\000s\000c\000r\000i\000p\000t\000i\000o\000n}{section.3.24}% 211
\BOOKMARK [2][-]{subsection.3.24.2}{\376\377\000M\000e\000m\000b\000e\000r\000\040\000F\000u\000n\000c\000t\000i\000o\000n\000/\000S\000u\000b\000r\000o\000u\000t\000i\000n\000e\000\040\000D\000o\000c\000u\000m\000e\000n\000t\000a\000t\000i\000o\000n}{section.3.24}% 212
\BOOKMARK [3][-]{subsubsection.3.24.2.1}{\376\377\000r\000e\000a\000d\000k\000e\000y\000w\000o\000r\000d}{subsection.3.24.2}% 213
\BOOKMARK [1][-]{section.3.25}{\376\377\000f\000i\000l\000e\000t\000o\000o\000l\000s\000:\000:\000r\000e\000w\000U\000n\000i\000t\000\040\000I\000n\000t\000e\000r\000f\000a\000c\000e\000\040\000R\000e\000f\000e\000r\000e\000n\000c\000e}{chapter.3}% 214
\BOOKMARK [2][-]{subsection.3.25.1}{\376\377\000D\000e\000t\000a\000i\000l\000e\000d\000\040\000D\000e\000s\000c\000r\000i\000p\000t\000i\000o\000n}{section.3.25}% 215
\BOOKMARK [2][-]{subsection.3.25.2}{\376\377\000M\000e\000m\000b\000e\000r\000\040\000F\000u\000n\000c\000t\000i\000o\000n\000/\000S\000u\000b\000r\000o\000u\000t\000i\000n\000e\000\040\000D\000o\000c\000u\000m\000e\000n\000t\000a\000t\000i\000o\000n}{section.3.25}% 216
\BOOKMARK [3][-]{subsubsection.3.25.2.1}{\376\377\000r\000e\000w\000u\000n\000i\000t}{subsection.3.25.2}% 217
\BOOKMARK [1][-]{section.3.26}{\376\377\000f\000i\000l\000e\000t\000o\000o\000l\000s\000:\000:\000v\000C\000o\000u\000n\000t\000\040\000I\000n\000t\000e\000r\000f\000a\000c\000e\000\040\000R\000e\000f\000e\000r\000e\000n\000c\000e}{chapter.3}% 218
\BOOKMARK [2][-]{subsection.3.26.1}{\376\377\000D\000e\000t\000a\000i\000l\000e\000d\000\040\000D\000e\000s\000c\000r\000i\000p\000t\000i\000o\000n}{section.3.26}% 219
\BOOKMARK [2][-]{subsection.3.26.2}{\376\377\000M\000e\000m\000b\000e\000r\000\040\000F\000u\000n\000c\000t\000i\000o\000n\000/\000S\000u\000b\000r\000o\000u\000t\000i\000n\000e\000\040\000D\000o\000c\000u\000m\000e\000n\000t\000a\000t\000i\000o\000n}{section.3.26}% 220
\BOOKMARK [3][-]{subsubsection.3.26.2.1}{\376\377\000v\000c\000o\000u\000n\000t}{subsection.3.26.2}% 221
\BOOKMARK [1][-]{section.3.27}{\376\377\000i\000n\000t\000e\000r\000f\000a\000c\000e\000s\000:\000:\000w\000a\000r\000n\000i\000n\000g\000\040\000I\000n\000t\000e\000r\000f\000a\000c\000e\000\040\000R\000e\000f\000e\000r\000e\000n\000c\000e}{chapter.3}% 222
\BOOKMARK [2][-]{subsection.3.27.1}{\376\377\000D\000e\000t\000a\000i\000l\000e\000d\000\040\000D\000e\000s\000c\000r\000i\000p\000t\000i\000o\000n}{section.3.27}% 223
\BOOKMARK [2][-]{subsection.3.27.2}{\376\377\000C\000o\000n\000s\000t\000r\000u\000c\000t\000o\000r\000\040\000\046\000\040\000D\000e\000s\000t\000r\000u\000c\000t\000o\000r\000\040\000D\000o\000c\000u\000m\000e\000n\000t\000a\000t\000i\000o\000n}{section.3.27}% 224
\BOOKMARK [3][-]{subsubsection.3.27.2.1}{\376\377\000w\000a\000r\000n\000i\000n\000g}{subsection.3.27.2}% 225
\BOOKMARK [0][-]{chapter.4}{\376\377\000F\000i\000l\000e\000\040\000D\000o\000c\000u\000m\000e\000n\000t\000a\000t\000i\000o\000n}{}% 226
\BOOKMARK [1][-]{section.4.1}{\376\377\000/\000h\000o\000m\000e\000/\000C\000o\000d\000i\000c\000i\000/\000B\000l\000i\000n\000k\000/\000F\000o\000r\000t\000r\000a\000n\000C\000o\000d\000e\000/\000s\000r\000c\000/\000a\000b\000o\000r\000t\000E\000x\000e\000c\000u\000t\000i\000o\000n\000.\000f\0009\0000\000\040\000F\000i\000l\000e\000\040\000R\000e\000f\000e\000r\000e\000n\000c\000e}{chapter.4}% 227
\BOOKMARK [2][-]{subsection.4.1.1}{\376\377\000D\000e\000t\000a\000i\000l\000e\000d\000\040\000D\000e\000s\000c\000r\000i\000p\000t\000i\000o\000n}{section.4.1}% 228
\BOOKMARK [2][-]{subsection.4.1.2}{\376\377\000F\000u\000n\000c\000t\000i\000o\000n\000/\000S\000u\000b\000r\000o\000u\000t\000i\000n\000e\000\040\000D\000o\000c\000u\000m\000e\000n\000t\000a\000t\000i\000o\000n}{section.4.1}% 229
\BOOKMARK [3][-]{subsubsection.4.1.2.1}{\376\377\000a\000b\000o\000r\000t\000e\000x\000e\000c\000u\000t\000i\000o\000n}{subsection.4.1.2}% 230
\BOOKMARK [1][-]{section.4.2}{\376\377\000/\000h\000o\000m\000e\000/\000C\000o\000d\000i\000c\000i\000/\000B\000l\000i\000n\000k\000/\000F\000o\000r\000t\000r\000a\000n\000C\000o\000d\000e\000/\000s\000r\000c\000/\000a\000i\000u\000t\000o\000.\000f\0009\0000\000\040\000F\000i\000l\000e\000\040\000R\000e\000f\000e\000r\000e\000n\000c\000e}{chapter.4}% 231
\BOOKMARK [2][-]{subsection.4.2.1}{\376\377\000D\000e\000t\000a\000i\000l\000e\000d\000\040\000D\000e\000s\000c\000r\000i\000p\000t\000i\000o\000n}{section.4.2}% 232
\BOOKMARK [2][-]{subsection.4.2.2}{\376\377\000F\000u\000n\000c\000t\000i\000o\000n\000/\000S\000u\000b\000r\000o\000u\000t\000i\000n\000e\000\040\000D\000o\000c\000u\000m\000e\000n\000t\000a\000t\000i\000o\000n}{section.4.2}% 233
\BOOKMARK [3][-]{subsubsection.4.2.2.1}{\376\377\000a\000i\000u\000t\000o}{subsection.4.2.2}% 234
\BOOKMARK [1][-]{section.4.3}{\376\377\000/\000h\000o\000m\000e\000/\000C\000o\000d\000i\000c\000i\000/\000B\000l\000i\000n\000k\000/\000F\000o\000r\000t\000r\000a\000n\000C\000o\000d\000e\000/\000s\000r\000c\000/\000a\000l\000l\000o\000c\000a\000t\000e\000V\000a\000r\000.\000f\0009\0000\000\040\000F\000i\000l\000e\000\040\000R\000e\000f\000e\000r\000e\000n\000c\000e}{chapter.4}% 235
\BOOKMARK [2][-]{subsection.4.3.1}{\376\377\000D\000e\000t\000a\000i\000l\000e\000d\000\040\000D\000e\000s\000c\000r\000i\000p\000t\000i\000o\000n}{section.4.3}% 236
\BOOKMARK [2][-]{subsection.4.3.2}{\376\377\000F\000u\000n\000c\000t\000i\000o\000n\000/\000S\000u\000b\000r\000o\000u\000t\000i\000n\000e\000\040\000D\000o\000c\000u\000m\000e\000n\000t\000a\000t\000i\000o\000n}{section.4.3}% 237
\BOOKMARK [3][-]{subsubsection.4.3.2.1}{\376\377\000a\000l\000l\000o\000c\000a\000t\000e\000v\000a\000r}{subsection.4.3.2}% 238
\BOOKMARK [1][-]{section.4.4}{\376\377\000/\000h\000o\000m\000e\000/\000C\000o\000d\000i\000c\000i\000/\000B\000l\000i\000n\000k\000/\000F\000o\000r\000t\000r\000a\000n\000C\000o\000d\000e\000/\000s\000r\000c\000/\000b\000u\000i\000l\000d\000P\000l\000a\000n\000t\000.\000f\0009\0000\000\040\000F\000i\000l\000e\000\040\000R\000e\000f\000e\000r\000e\000n\000c\000e}{chapter.4}% 239
\BOOKMARK [2][-]{subsection.4.4.1}{\376\377\000D\000e\000t\000a\000i\000l\000e\000d\000\040\000D\000e\000s\000c\000r\000i\000p\000t\000i\000o\000n}{section.4.4}% 240
\BOOKMARK [2][-]{subsection.4.4.2}{\376\377\000F\000u\000n\000c\000t\000i\000o\000n\000/\000S\000u\000b\000r\000o\000u\000t\000i\000n\000e\000\040\000D\000o\000c\000u\000m\000e\000n\000t\000a\000t\000i\000o\000n}{section.4.4}% 241
\BOOKMARK [3][-]{subsubsection.4.4.2.1}{\376\377\000b\000u\000i\000l\000d\000p\000l\000a\000n\000t}{subsection.4.4.2}% 242
\BOOKMARK [1][-]{section.4.5}{\376\377\000/\000h\000o\000m\000e\000/\000C\000o\000d\000i\000c\000i\000/\000B\000l\000i\000n\000k\000/\000F\000o\000r\000t\000r\000a\000n\000C\000o\000d\000e\000/\000s\000r\000c\000/\000c\000h\000e\000c\000k\000P\000l\000a\000n\000t\000.\000f\0009\0000\000\040\000F\000i\000l\000e\000\040\000R\000e\000f\000e\000r\000e\000n\000c\000e}{chapter.4}% 243
\BOOKMARK [2][-]{subsection.4.5.1}{\376\377\000D\000e\000t\000a\000i\000l\000e\000d\000\040\000D\000e\000s\000c\000r\000i\000p\000t\000i\000o\000n}{section.4.5}% 244
\BOOKMARK [2][-]{subsection.4.5.2}{\376\377\000F\000u\000n\000c\000t\000i\000o\000n\000/\000S\000u\000b\000r\000o\000u\000t\000i\000n\000e\000\040\000D\000o\000c\000u\000m\000e\000n\000t\000a\000t\000i\000o\000n}{section.4.5}% 245
\BOOKMARK [3][-]{subsubsection.4.5.2.1}{\376\377\000c\000h\000e\000c\000k\000p\000l\000a\000n\000t}{subsection.4.5.2}% 246
\BOOKMARK [1][-]{section.4.6}{\376\377\000/\000h\000o\000m\000e\000/\000C\000o\000d\000i\000c\000i\000/\000B\000l\000i\000n\000k\000/\000F\000o\000r\000t\000r\000a\000n\000C\000o\000d\000e\000/\000s\000r\000c\000/\000c\000m\000d\000V\000a\000r\000.\000f\0009\0000\000\040\000F\000i\000l\000e\000\040\000R\000e\000f\000e\000r\000e\000n\000c\000e}{chapter.4}% 247
\BOOKMARK [2][-]{subsection.4.6.1}{\376\377\000D\000e\000t\000a\000i\000l\000e\000d\000\040\000D\000e\000s\000c\000r\000i\000p\000t\000i\000o\000n}{section.4.6}% 248
\BOOKMARK [1][-]{section.4.7}{\376\377\000/\000h\000o\000m\000e\000/\000C\000o\000d\000i\000c\000i\000/\000B\000l\000i\000n\000k\000/\000F\000o\000r\000t\000r\000a\000n\000C\000o\000d\000e\000/\000s\000r\000c\000/\000c\000o\000m\000m\000a\000n\000d\000l\000i\000n\000e\000.\000f\0009\0000\000\040\000F\000i\000l\000e\000\040\000R\000e\000f\000e\000r\000e\000n\000c\000e}{chapter.4}% 249
\BOOKMARK [2][-]{subsection.4.7.1}{\376\377\000D\000e\000t\000a\000i\000l\000e\000d\000\040\000D\000e\000s\000c\000r\000i\000p\000t\000i\000o\000n}{section.4.7}% 250
\BOOKMARK [2][-]{subsection.4.7.2}{\376\377\000F\000u\000n\000c\000t\000i\000o\000n\000/\000S\000u\000b\000r\000o\000u\000t\000i\000n\000e\000\040\000D\000o\000c\000u\000m\000e\000n\000t\000a\000t\000i\000o\000n}{section.4.7}% 251
\BOOKMARK [3][-]{subsubsection.4.7.2.1}{\376\377\000c\000o\000m\000m\000a\000n\000d\000l\000i\000n\000e}{subsection.4.7.2}% 252
\BOOKMARK [1][-]{section.4.8}{\376\377\000/\000h\000o\000m\000e\000/\000C\000o\000d\000i\000c\000i\000/\000B\000l\000i\000n\000k\000/\000F\000o\000r\000t\000r\000a\000n\000C\000o\000d\000e\000/\000s\000r\000c\000/\000c\000o\000n\000s\000t\000r\000a\000i\000n\000t\000s\000.\000f\0009\0000\000\040\000F\000i\000l\000e\000\040\000R\000e\000f\000e\000r\000e\000n\000c\000e}{chapter.4}% 253
\BOOKMARK [2][-]{subsection.4.8.1}{\376\377\000D\000e\000t\000a\000i\000l\000e\000d\000\040\000D\000e\000s\000c\000r\000i\000p\000t\000i\000o\000n}{section.4.8}% 254
\BOOKMARK [2][-]{subsection.4.8.2}{\376\377\000F\000u\000n\000c\000t\000i\000o\000n\000/\000S\000u\000b\000r\000o\000u\000t\000i\000n\000e\000\040\000D\000o\000c\000u\000m\000e\000n\000t\000a\000t\000i\000o\000n}{section.4.8}% 255
\BOOKMARK [3][-]{subsubsection.4.8.2.1}{\376\377\000c\000o\000n\000s\000t\000r\000a\000i\000n\000t\000s}{subsection.4.8.2}% 256
\BOOKMARK [1][-]{section.4.9}{\376\377\000/\000h\000o\000m\000e\000/\000C\000o\000d\000i\000c\000i\000/\000B\000l\000i\000n\000k\000/\000F\000o\000r\000t\000r\000a\000n\000C\000o\000d\000e\000/\000s\000r\000c\000/\000e\000c\000o\000n\000o\000m\000y\000.\000f\0009\0000\000\040\000F\000i\000l\000e\000\040\000R\000e\000f\000e\000r\000e\000n\000c\000e}{chapter.4}% 257
\BOOKMARK [2][-]{subsection.4.9.1}{\376\377\000D\000e\000t\000a\000i\000l\000e\000d\000\040\000D\000e\000s\000c\000r\000i\000p\000t\000i\000o\000n}{section.4.9}% 258
\BOOKMARK [1][-]{section.4.10}{\376\377\000/\000h\000o\000m\000e\000/\000C\000o\000d\000i\000c\000i\000/\000B\000l\000i\000n\000k\000/\000F\000o\000r\000t\000r\000a\000n\000C\000o\000d\000e\000/\000s\000r\000c\000/\000e\000n\000d\000E\000x\000e\000c\000u\000t\000i\000o\000n\000.\000f\0009\0000\000\040\000F\000i\000l\000e\000\040\000R\000e\000f\000e\000r\000e\000n\000c\000e}{chapter.4}% 259
\BOOKMARK [2][-]{subsection.4.10.1}{\376\377\000D\000e\000t\000a\000i\000l\000e\000d\000\040\000D\000e\000s\000c\000r\000i\000p\000t\000i\000o\000n}{section.4.10}% 260
\BOOKMARK [2][-]{subsection.4.10.2}{\376\377\000F\000u\000n\000c\000t\000i\000o\000n\000/\000S\000u\000b\000r\000o\000u\000t\000i\000n\000e\000\040\000D\000o\000c\000u\000m\000e\000n\000t\000a\000t\000i\000o\000n}{section.4.10}% 261
\BOOKMARK [3][-]{subsubsection.4.10.2.1}{\376\377\000e\000n\000d\000e\000x\000e\000c\000u\000t\000i\000o\000n}{subsection.4.10.2}% 262
\BOOKMARK [1][-]{section.4.11}{\376\377\000/\000h\000o\000m\000e\000/\000C\000o\000d\000i\000c\000i\000/\000B\000l\000i\000n\000k\000/\000F\000o\000r\000t\000r\000a\000n\000C\000o\000d\000e\000/\000s\000r\000c\000/\000e\000n\000e\000r\000g\000y\000.\000f\0009\0000\000\040\000F\000i\000l\000e\000\040\000R\000e\000f\000e\000r\000e\000n\000c\000e}{chapter.4}% 263
\BOOKMARK [2][-]{subsection.4.11.1}{\376\377\000D\000e\000t\000a\000i\000l\000e\000d\000\040\000D\000e\000s\000c\000r\000i\000p\000t\000i\000o\000n}{section.4.11}% 264
\BOOKMARK [1][-]{section.4.12}{\376\377\000/\000h\000o\000m\000e\000/\000C\000o\000d\000i\000c\000i\000/\000B\000l\000i\000n\000k\000/\000F\000o\000r\000t\000r\000a\000n\000C\000o\000d\000e\000/\000s\000r\000c\000/\000f\000i\000l\000e\000T\000o\000o\000l\000s\000.\000f\0009\0000\000\040\000F\000i\000l\000e\000\040\000R\000e\000f\000e\000r\000e\000n\000c\000e}{chapter.4}% 265
\BOOKMARK [2][-]{subsection.4.12.1}{\376\377\000D\000e\000t\000a\000i\000l\000e\000d\000\040\000D\000e\000s\000c\000r\000i\000p\000t\000i\000o\000n}{section.4.12}% 266
\BOOKMARK [1][-]{section.4.13}{\376\377\000/\000h\000o\000m\000e\000/\000C\000o\000d\000i\000c\000i\000/\000B\000l\000i\000n\000k\000/\000F\000o\000r\000t\000r\000a\000n\000C\000o\000d\000e\000/\000s\000r\000c\000/\000f\000i\000n\000d\000E\000n\000t\000r\000y\0002\000.\000f\0009\0000\000\040\000F\000i\000l\000e\000\040\000R\000e\000f\000e\000r\000e\000n\000c\000e}{chapter.4}% 267
\BOOKMARK [2][-]{subsection.4.13.1}{\376\377\000D\000e\000t\000a\000i\000l\000e\000d\000\040\000D\000e\000s\000c\000r\000i\000p\000t\000i\000o\000n}{section.4.13}% 268
\BOOKMARK [2][-]{subsection.4.13.2}{\376\377\000F\000u\000n\000c\000t\000i\000o\000n\000/\000S\000u\000b\000r\000o\000u\000t\000i\000n\000e\000\040\000D\000o\000c\000u\000m\000e\000n\000t\000a\000t\000i\000o\000n}{section.4.13}% 269
\BOOKMARK [3][-]{subsubsection.4.13.2.1}{\376\377\000c\000f\000i\000n\000d\000e\000n\000t\000r\000y}{subsection.4.13.2}% 270
\BOOKMARK [3][-]{subsubsection.4.13.2.2}{\376\377\000d\000f\000i\000n\000d\000e\000n\000t\000r\000y}{subsection.4.13.2}% 271
\BOOKMARK [3][-]{subsubsection.4.13.2.3}{\376\377\000f\000i\000n\000d\000e\000n\000t\000r\000y}{subsection.4.13.2}% 272
\BOOKMARK [3][-]{subsubsection.4.13.2.4}{\376\377\000i\000f\000i\000n\000d\000e\000n\000t\000r\000y}{subsection.4.13.2}% 273
\BOOKMARK [1][-]{section.4.14}{\376\377\000/\000h\000o\000m\000e\000/\000C\000o\000d\000i\000c\000i\000/\000B\000l\000i\000n\000k\000/\000F\000o\000r\000t\000r\000a\000n\000C\000o\000d\000e\000/\000s\000r\000c\000/\000g\000r\000a\000p\000h\000T\000o\000o\000l\000s\000.\000f\0009\0000\000\040\000F\000i\000l\000e\000\040\000R\000e\000f\000e\000r\000e\000n\000c\000e}{chapter.4}% 274
\BOOKMARK [2][-]{subsection.4.14.1}{\376\377\000D\000e\000t\000a\000i\000l\000e\000d\000\040\000D\000e\000s\000c\000r\000i\000p\000t\000i\000o\000n}{section.4.14}% 275
\BOOKMARK [1][-]{section.4.15}{\376\377\000/\000h\000o\000m\000e\000/\000C\000o\000d\000i\000c\000i\000/\000B\000l\000i\000n\000k\000/\000F\000o\000r\000t\000r\000a\000n\000C\000o\000d\000e\000/\000s\000r\000c\000/\000h\000C\000o\000u\000n\000t\000.\000f\0009\0000\000\040\000F\000i\000l\000e\000\040\000R\000e\000f\000e\000r\000e\000n\000c\000e}{chapter.4}% 276
\BOOKMARK [2][-]{subsection.4.15.1}{\376\377\000D\000e\000t\000a\000i\000l\000e\000d\000\040\000D\000e\000s\000c\000r\000i\000p\000t\000i\000o\000n}{section.4.15}% 277
\BOOKMARK [2][-]{subsection.4.15.2}{\376\377\000F\000u\000n\000c\000t\000i\000o\000n\000/\000S\000u\000b\000r\000o\000u\000t\000i\000n\000e\000\040\000D\000o\000c\000u\000m\000e\000n\000t\000a\000t\000i\000o\000n}{section.4.15}% 278
\BOOKMARK [3][-]{subsubsection.4.15.2.1}{\376\377\000h\000c\000o\000u\000n\000t}{subsection.4.15.2}% 279
\BOOKMARK [1][-]{section.4.16}{\376\377\000/\000h\000o\000m\000e\000/\000C\000o\000d\000i\000c\000i\000/\000B\000l\000i\000n\000k\000/\000F\000o\000r\000t\000r\000a\000n\000C\000o\000d\000e\000/\000s\000r\000c\000/\000i\000n\000p\000u\000t\000V\000a\000r\000.\000f\0009\0000\000\040\000F\000i\000l\000e\000\040\000R\000e\000f\000e\000r\000e\000n\000c\000e}{chapter.4}% 280
\BOOKMARK [2][-]{subsection.4.16.1}{\376\377\000D\000e\000t\000a\000i\000l\000e\000d\000\040\000D\000e\000s\000c\000r\000i\000p\000t\000i\000o\000n}{section.4.16}% 281
\BOOKMARK [1][-]{section.4.17}{\376\377\000/\000h\000o\000m\000e\000/\000C\000o\000d\000i\000c\000i\000/\000B\000l\000i\000n\000k\000/\000F\000o\000r\000t\000r\000a\000n\000C\000o\000d\000e\000/\000s\000r\000c\000/\000i\000n\000t\000e\000r\000f\000a\000c\000e\000s\000.\000f\0009\0000\000\040\000F\000i\000l\000e\000\040\000R\000e\000f\000e\000r\000e\000n\000c\000e}{chapter.4}% 282
\BOOKMARK [2][-]{subsection.4.17.1}{\376\377\000D\000e\000t\000a\000i\000l\000e\000d\000\040\000D\000e\000s\000c\000r\000i\000p\000t\000i\000o\000n}{section.4.17}% 283
\BOOKMARK [1][-]{section.4.18}{\376\377\000/\000h\000o\000m\000e\000/\000C\000o\000d\000i\000c\000i\000/\000B\000l\000i\000n\000k\000/\000F\000o\000r\000t\000r\000a\000n\000C\000o\000d\000e\000/\000s\000r\000c\000/\000i\000n\000t\000e\000r\000p\000o\000l\000a\000t\000i\000o\000n\000.\000f\0009\0000\000\040\000F\000i\000l\000e\000\040\000R\000e\000f\000e\000r\000e\000n\000c\000e}{chapter.4}% 284
\BOOKMARK [2][-]{subsection.4.18.1}{\376\377\000D\000e\000t\000a\000i\000l\000e\000d\000\040\000D\000e\000s\000c\000r\000i\000p\000t\000i\000o\000n}{section.4.18}% 285
\BOOKMARK [2][-]{subsection.4.18.2}{\376\377\000F\000u\000n\000c\000t\000i\000o\000n\000/\000S\000u\000b\000r\000o\000u\000t\000i\000n\000e\000\040\000D\000o\000c\000u\000m\000e\000n\000t\000a\000t\000i\000o\000n}{section.4.18}% 286
\BOOKMARK [3][-]{subsubsection.4.18.2.1}{\376\377\000i\000n\000t\000e\000r\000p\000o\000l\000a\000t\000i\000o\000n}{subsection.4.18.2}% 287
\BOOKMARK [1][-]{section.4.19}{\376\377\000/\000h\000o\000m\000e\000/\000C\000o\000d\000i\000c\000i\000/\000B\000l\000i\000n\000k\000/\000F\000o\000r\000t\000r\000a\000n\000C\000o\000d\000e\000/\000s\000r\000c\000/\000m\000a\000i\000n\000.\000f\0009\0000\000\040\000F\000i\000l\000e\000\040\000R\000e\000f\000e\000r\000e\000n\000c\000e}{chapter.4}% 288
\BOOKMARK [2][-]{subsection.4.19.1}{\376\377\000D\000e\000t\000a\000i\000l\000e\000d\000\040\000D\000e\000s\000c\000r\000i\000p\000t\000i\000o\000n}{section.4.19}% 289
\BOOKMARK [2][-]{subsection.4.19.2}{\376\377\000F\000u\000n\000c\000t\000i\000o\000n\000/\000S\000u\000b\000r\000o\000u\000t\000i\000n\000e\000\040\000D\000o\000c\000u\000m\000e\000n\000t\000a\000t\000i\000o\000n}{section.4.19}% 290
\BOOKMARK [3][-]{subsubsection.4.19.2.1}{\376\377\000m\000a\000i\000n}{subsection.4.19.2}% 291
\BOOKMARK [1][-]{section.4.20}{\376\377\000/\000h\000o\000m\000e\000/\000C\000o\000d\000i\000c\000i\000/\000B\000l\000i\000n\000k\000/\000F\000o\000r\000t\000r\000a\000n\000C\000o\000d\000e\000/\000s\000r\000c\000/\000m\000a\000t\000h\000T\000o\000o\000l\000s\000.\000f\0009\0000\000\040\000F\000i\000l\000e\000\040\000R\000e\000f\000e\000r\000e\000n\000c\000e}{chapter.4}% 292
\BOOKMARK [2][-]{subsection.4.20.1}{\376\377\000D\000e\000t\000a\000i\000l\000e\000d\000\040\000D\000e\000s\000c\000r\000i\000p\000t\000i\000o\000n}{section.4.20}% 293
\BOOKMARK [1][-]{section.4.21}{\376\377\000/\000h\000o\000m\000e\000/\000C\000o\000d\000i\000c\000i\000/\000B\000l\000i\000n\000k\000/\000F\000o\000r\000t\000r\000a\000n\000C\000o\000d\000e\000/\000s\000r\000c\000/\000m\000a\000t\000r\000i\000x\000R\000e\000a\000d\0002\000.\000f\0009\0000\000\040\000F\000i\000l\000e\000\040\000R\000e\000f\000e\000r\000e\000n\000c\000e}{chapter.4}% 294
\BOOKMARK [2][-]{subsection.4.21.1}{\376\377\000D\000e\000t\000a\000i\000l\000e\000d\000\040\000D\000e\000s\000c\000r\000i\000p\000t\000i\000o\000n}{section.4.21}% 295
\BOOKMARK [2][-]{subsection.4.21.2}{\376\377\000F\000u\000n\000c\000t\000i\000o\000n\000/\000S\000u\000b\000r\000o\000u\000t\000i\000n\000e\000\040\000D\000o\000c\000u\000m\000e\000n\000t\000a\000t\000i\000o\000n}{section.4.21}% 296
\BOOKMARK [3][-]{subsubsection.4.21.2.1}{\376\377\000c\000m\000a\000t\000r\000i\000x\000r\000e\000a\000d}{subsection.4.21.2}% 297
\BOOKMARK [3][-]{subsubsection.4.21.2.2}{\376\377\000d\000m\000a\000t\000r\000i\000x\000r\000e\000a\000d}{subsection.4.21.2}% 298
\BOOKMARK [3][-]{subsubsection.4.21.2.3}{\376\377\000i\000m\000a\000t\000r\000i\000x\000r\000e\000a\000d}{subsection.4.21.2}% 299
\BOOKMARK [3][-]{subsubsection.4.21.2.4}{\376\377\000m\000a\000t\000r\000i\000x\000r\000e\000a\000d}{subsection.4.21.2}% 300
\BOOKMARK [1][-]{section.4.22}{\376\377\000/\000h\000o\000m\000e\000/\000C\000o\000d\000i\000c\000i\000/\000B\000l\000i\000n\000k\000/\000F\000o\000r\000t\000r\000a\000n\000C\000o\000d\000e\000/\000s\000r\000c\000/\000m\000y\000A\000r\000i\000t\000h\000m\000e\000t\000i\000c\000.\000f\0009\0000\000\040\000F\000i\000l\000e\000\040\000R\000e\000f\000e\000r\000e\000n\000c\000e}{chapter.4}% 301
\BOOKMARK [2][-]{subsection.4.22.1}{\376\377\000D\000e\000t\000a\000i\000l\000e\000d\000\040\000D\000e\000s\000c\000r\000i\000p\000t\000i\000o\000n}{section.4.22}% 302
\BOOKMARK [1][-]{section.4.23}{\376\377\000/\000h\000o\000m\000e\000/\000C\000o\000d\000i\000c\000i\000/\000B\000l\000i\000n\000k\000/\000F\000o\000r\000t\000r\000a\000n\000C\000o\000d\000e\000/\000s\000r\000c\000/\000o\000b\000j\000F\000u\000n\000c\000t\000i\000o\000n\000.\000f\0009\0000\000\040\000F\000i\000l\000e\000\040\000R\000e\000f\000e\000r\000e\000n\000c\000e}{chapter.4}% 303
\BOOKMARK [2][-]{subsection.4.23.1}{\376\377\000D\000e\000t\000a\000i\000l\000e\000d\000\040\000D\000e\000s\000c\000r\000i\000p\000t\000i\000o\000n}{section.4.23}% 304
\BOOKMARK [2][-]{subsection.4.23.2}{\376\377\000F\000u\000n\000c\000t\000i\000o\000n\000/\000S\000u\000b\000r\000o\000u\000t\000i\000n\000e\000\040\000D\000o\000c\000u\000m\000e\000n\000t\000a\000t\000i\000o\000n}{section.4.23}% 305
\BOOKMARK [3][-]{subsubsection.4.23.2.1}{\376\377\000o\000b\000j\000f\000u\000n\000c\000t\000i\000o\000n}{subsection.4.23.2}% 306
\BOOKMARK [1][-]{section.4.24}{\376\377\000/\000h\000o\000m\000e\000/\000C\000o\000d\000i\000c\000i\000/\000B\000l\000i\000n\000k\000/\000F\000o\000r\000t\000r\000a\000n\000C\000o\000d\000e\000/\000s\000r\000c\000/\000o\000p\000e\000n\000U\000n\000i\000t\000.\000f\0009\0000\000\040\000F\000i\000l\000e\000\040\000R\000e\000f\000e\000r\000e\000n\000c\000e}{chapter.4}% 307
\BOOKMARK [2][-]{subsection.4.24.1}{\376\377\000D\000e\000t\000a\000i\000l\000e\000d\000\040\000D\000e\000s\000c\000r\000i\000p\000t\000i\000o\000n}{section.4.24}% 308
\BOOKMARK [2][-]{subsection.4.24.2}{\376\377\000F\000u\000n\000c\000t\000i\000o\000n\000/\000S\000u\000b\000r\000o\000u\000t\000i\000n\000e\000\040\000D\000o\000c\000u\000m\000e\000n\000t\000a\000t\000i\000o\000n}{section.4.24}% 309
\BOOKMARK [3][-]{subsubsection.4.24.2.1}{\376\377\000o\000p\000e\000n\000u\000n\000i\000t}{subsection.4.24.2}% 310
\BOOKMARK [1][-]{section.4.25}{\376\377\000/\000h\000o\000m\000e\000/\000C\000o\000d\000i\000c\000i\000/\000B\000l\000i\000n\000k\000/\000F\000o\000r\000t\000r\000a\000n\000C\000o\000d\000e\000/\000s\000r\000c\000/\000p\000l\000a\000n\000t\000V\000a\000r\000.\000f\0009\0000\000\040\000F\000i\000l\000e\000\040\000R\000e\000f\000e\000r\000e\000n\000c\000e}{chapter.4}% 311
\BOOKMARK [2][-]{subsection.4.25.1}{\376\377\000D\000e\000t\000a\000i\000l\000e\000d\000\040\000D\000e\000s\000c\000r\000i\000p\000t\000i\000o\000n}{section.4.25}% 312
\BOOKMARK [1][-]{section.4.26}{\376\377\000/\000h\000o\000m\000e\000/\000C\000o\000d\000i\000c\000i\000/\000B\000l\000i\000n\000k\000/\000F\000o\000r\000t\000r\000a\000n\000C\000o\000d\000e\000/\000s\000r\000c\000/\000p\000r\000o\000t\000o\000t\000i\000p\000o\000.\000f\0009\0000\000\040\000F\000i\000l\000e\000\040\000R\000e\000f\000e\000r\000e\000n\000c\000e}{chapter.4}% 313
\BOOKMARK [2][-]{subsection.4.26.1}{\376\377\000D\000e\000t\000a\000i\000l\000e\000d\000\040\000D\000e\000s\000c\000r\000i\000p\000t\000i\000o\000n}{section.4.26}% 314
\BOOKMARK [2][-]{subsection.4.26.2}{\376\377\000F\000u\000n\000c\000t\000i\000o\000n\000/\000S\000u\000b\000r\000o\000u\000t\000i\000n\000e\000\040\000D\000o\000c\000u\000m\000e\000n\000t\000a\000t\000i\000o\000n}{section.4.26}% 315
\BOOKMARK [3][-]{subsubsection.4.26.2.1}{\376\377\000i\000m\000p\000l\000i\000c\000i\000t}{subsection.4.26.2}% 316
\BOOKMARK [1][-]{section.4.27}{\376\377\000/\000h\000o\000m\000e\000/\000C\000o\000d\000i\000c\000i\000/\000B\000l\000i\000n\000k\000/\000F\000o\000r\000t\000r\000a\000n\000C\000o\000d\000e\000/\000s\000r\000c\000/\000r\000e\000a\000d\000B\000o\000i\000l\000e\000r\000.\000f\0009\0000\000\040\000F\000i\000l\000e\000\040\000R\000e\000f\000e\000r\000e\000n\000c\000e}{chapter.4}% 317
\BOOKMARK [2][-]{subsection.4.27.1}{\376\377\000D\000e\000t\000a\000i\000l\000e\000d\000\040\000D\000e\000s\000c\000r\000i\000p\000t\000i\000o\000n}{section.4.27}% 318
\BOOKMARK [2][-]{subsection.4.27.2}{\376\377\000F\000u\000n\000c\000t\000i\000o\000n\000/\000S\000u\000b\000r\000o\000u\000t\000i\000n\000e\000\040\000D\000o\000c\000u\000m\000e\000n\000t\000a\000t\000i\000o\000n}{section.4.27}% 319
\BOOKMARK [3][-]{subsubsection.4.27.2.1}{\376\377\000r\000e\000a\000d\000b\000o\000i\000l\000e\000r}{subsection.4.27.2}% 320
\BOOKMARK [1][-]{section.4.28}{\376\377\000/\000h\000o\000m\000e\000/\000C\000o\000d\000i\000c\000i\000/\000B\000l\000i\000n\000k\000/\000F\000o\000r\000t\000r\000a\000n\000C\000o\000d\000e\000/\000s\000r\000c\000/\000r\000e\000a\000d\000C\000h\000i\000l\000l\000e\000r\000.\000f\0009\0000\000\040\000F\000i\000l\000e\000\040\000R\000e\000f\000e\000r\000e\000n\000c\000e}{chapter.4}% 321
\BOOKMARK [2][-]{subsection.4.28.1}{\376\377\000D\000e\000t\000a\000i\000l\000e\000d\000\040\000D\000e\000s\000c\000r\000i\000p\000t\000i\000o\000n}{section.4.28}% 322
\BOOKMARK [2][-]{subsection.4.28.2}{\376\377\000F\000u\000n\000c\000t\000i\000o\000n\000/\000S\000u\000b\000r\000o\000u\000t\000i\000n\000e\000\040\000D\000o\000c\000u\000m\000e\000n\000t\000a\000t\000i\000o\000n}{section.4.28}% 323
\BOOKMARK [3][-]{subsubsection.4.28.2.1}{\376\377\000r\000e\000a\000d\000c\000h\000i\000l\000l\000e\000r\000s}{subsection.4.28.2}% 324
\BOOKMARK [1][-]{section.4.29}{\376\377\000/\000h\000o\000m\000e\000/\000C\000o\000d\000i\000c\000i\000/\000B\000l\000i\000n\000k\000/\000F\000o\000r\000t\000r\000a\000n\000C\000o\000d\000e\000/\000s\000r\000c\000/\000r\000e\000a\000d\000G\000e\000n\000e\000r\000a\000l\000.\000f\0009\0000\000\040\000F\000i\000l\000e\000\040\000R\000e\000f\000e\000r\000e\000n\000c\000e}{chapter.4}% 325
\BOOKMARK [2][-]{subsection.4.29.1}{\376\377\000D\000e\000t\000a\000i\000l\000e\000d\000\040\000D\000e\000s\000c\000r\000i\000p\000t\000i\000o\000n}{section.4.29}% 326
\BOOKMARK [2][-]{subsection.4.29.2}{\376\377\000F\000u\000n\000c\000t\000i\000o\000n\000/\000S\000u\000b\000r\000o\000u\000t\000i\000n\000e\000\040\000D\000o\000c\000u\000m\000e\000n\000t\000a\000t\000i\000o\000n}{section.4.29}% 327
\BOOKMARK [3][-]{subsubsection.4.29.2.1}{\376\377\000r\000e\000a\000d\000g\000e\000n\000e\000r\000a\000l}{subsection.4.29.2}% 328
\BOOKMARK [1][-]{section.4.30}{\376\377\000/\000h\000o\000m\000e\000/\000C\000o\000d\000i\000c\000i\000/\000B\000l\000i\000n\000k\000/\000F\000o\000r\000t\000r\000a\000n\000C\000o\000d\000e\000/\000s\000r\000c\000/\000r\000e\000a\000d\000K\000e\000y\000w\000o\000r\000d\000.\000f\0009\0000\000\040\000F\000i\000l\000e\000\040\000R\000e\000f\000e\000r\000e\000n\000c\000e}{chapter.4}% 329
\BOOKMARK [2][-]{subsection.4.30.1}{\376\377\000D\000e\000t\000a\000i\000l\000e\000d\000\040\000D\000e\000s\000c\000r\000i\000p\000t\000i\000o\000n}{section.4.30}% 330
\BOOKMARK [2][-]{subsection.4.30.2}{\376\377\000F\000u\000n\000c\000t\000i\000o\000n\000/\000S\000u\000b\000r\000o\000u\000t\000i\000n\000e\000\040\000D\000o\000c\000u\000m\000e\000n\000t\000a\000t\000i\000o\000n}{section.4.30}% 331
\BOOKMARK [3][-]{subsubsection.4.30.2.1}{\376\377\000r\000e\000a\000d\000k\000e\000y\000w\000o\000r\000d}{subsection.4.30.2}% 332
\BOOKMARK [1][-]{section.4.31}{\376\377\000/\000h\000o\000m\000e\000/\000C\000o\000d\000i\000c\000i\000/\000B\000l\000i\000n\000k\000/\000F\000o\000r\000t\000r\000a\000n\000C\000o\000d\000e\000/\000s\000r\000c\000/\000r\000e\000a\000d\000L\000o\000a\000d\000.\000f\0009\0000\000\040\000F\000i\000l\000e\000\040\000R\000e\000f\000e\000r\000e\000n\000c\000e}{chapter.4}% 333
\BOOKMARK [2][-]{subsection.4.31.1}{\376\377\000D\000e\000t\000a\000i\000l\000e\000d\000\040\000D\000e\000s\000c\000r\000i\000p\000t\000i\000o\000n}{section.4.31}% 334
\BOOKMARK [2][-]{subsection.4.31.2}{\376\377\000F\000u\000n\000c\000t\000i\000o\000n\000/\000S\000u\000b\000r\000o\000u\000t\000i\000n\000e\000\040\000D\000o\000c\000u\000m\000e\000n\000t\000a\000t\000i\000o\000n}{section.4.31}% 335
\BOOKMARK [3][-]{subsubsection.4.31.2.1}{\376\377\000r\000e\000a\000d\000l\000o\000a\000d\000s}{subsection.4.31.2}% 336
\BOOKMARK [1][-]{section.4.32}{\376\377\000/\000h\000o\000m\000e\000/\000C\000o\000d\000i\000c\000i\000/\000B\000l\000i\000n\000k\000/\000F\000o\000r\000t\000r\000a\000n\000C\000o\000d\000e\000/\000s\000r\000c\000/\000r\000e\000a\000d\000T\000r\000i\000g\000e\000n\000.\000f\0009\0000\000\040\000F\000i\000l\000e\000\040\000R\000e\000f\000e\000r\000e\000n\000c\000e}{chapter.4}% 337
\BOOKMARK [2][-]{subsection.4.32.1}{\376\377\000D\000e\000t\000a\000i\000l\000e\000d\000\040\000D\000e\000s\000c\000r\000i\000p\000t\000i\000o\000n}{section.4.32}% 338
\BOOKMARK [2][-]{subsection.4.32.2}{\376\377\000F\000u\000n\000c\000t\000i\000o\000n\000/\000S\000u\000b\000r\000o\000u\000t\000i\000n\000e\000\040\000D\000o\000c\000u\000m\000e\000n\000t\000a\000t\000i\000o\000n}{section.4.32}% 339
\BOOKMARK [3][-]{subsubsection.4.32.2.1}{\376\377\000r\000e\000a\000d\000t\000r\000i\000g\000e\000n}{subsection.4.32.2}% 340
\BOOKMARK [1][-]{section.4.33}{\376\377\000/\000h\000o\000m\000e\000/\000C\000o\000d\000i\000c\000i\000/\000B\000l\000i\000n\000k\000/\000F\000o\000r\000t\000r\000a\000n\000C\000o\000d\000e\000/\000s\000r\000c\000/\000r\000e\000w\000U\000n\000i\000t\000.\000f\0009\0000\000\040\000F\000i\000l\000e\000\040\000R\000e\000f\000e\000r\000e\000n\000c\000e}{chapter.4}% 341
\BOOKMARK [2][-]{subsection.4.33.1}{\376\377\000D\000e\000t\000a\000i\000l\000e\000d\000\040\000D\000e\000s\000c\000r\000i\000p\000t\000i\000o\000n}{section.4.33}% 342
\BOOKMARK [2][-]{subsection.4.33.2}{\376\377\000F\000u\000n\000c\000t\000i\000o\000n\000/\000S\000u\000b\000r\000o\000u\000t\000i\000n\000e\000\040\000D\000o\000c\000u\000m\000e\000n\000t\000a\000t\000i\000o\000n}{section.4.33}% 343
\BOOKMARK [3][-]{subsubsection.4.33.2.1}{\376\377\000r\000e\000w\000u\000n\000i\000t}{subsection.4.33.2}% 344
\BOOKMARK [1][-]{section.4.34}{\376\377\000/\000h\000o\000m\000e\000/\000C\000o\000d\000i\000c\000i\000/\000B\000l\000i\000n\000k\000/\000F\000o\000r\000t\000r\000a\000n\000C\000o\000d\000e\000/\000s\000r\000c\000/\000v\000C\000o\000u\000n\000t\000.\000f\0009\0000\000\040\000F\000i\000l\000e\000\040\000R\000e\000f\000e\000r\000e\000n\000c\000e}{chapter.4}% 345
\BOOKMARK [2][-]{subsection.4.34.1}{\376\377\000D\000e\000t\000a\000i\000l\000e\000d\000\040\000D\000e\000s\000c\000r\000i\000p\000t\000i\000o\000n}{section.4.34}% 346
\BOOKMARK [2][-]{subsection.4.34.2}{\376\377\000F\000u\000n\000c\000t\000i\000o\000n\000/\000S\000u\000b\000r\000o\000u\000t\000i\000n\000e\000\040\000D\000o\000c\000u\000m\000e\000n\000t\000a\000t\000i\000o\000n}{section.4.34}% 347
\BOOKMARK [3][-]{subsubsection.4.34.2.1}{\376\377\000v\000c\000o\000u\000n\000t}{subsection.4.34.2}% 348
\BOOKMARK [1][-]{section.4.35}{\376\377\000/\000h\000o\000m\000e\000/\000C\000o\000d\000i\000c\000i\000/\000B\000l\000i\000n\000k\000/\000F\000o\000r\000t\000r\000a\000n\000C\000o\000d\000e\000/\000s\000r\000c\000/\000w\000a\000r\000n\000i\000n\000g\000.\000f\0009\0000\000\040\000F\000i\000l\000e\000\040\000R\000e\000f\000e\000r\000e\000n\000c\000e}{chapter.4}% 349
\BOOKMARK [2][-]{subsection.4.35.1}{\376\377\000D\000e\000t\000a\000i\000l\000e\000d\000\040\000D\000e\000s\000c\000r\000i\000p\000t\000i\000o\000n}{section.4.35}% 350
\BOOKMARK [2][-]{subsection.4.35.2}{\376\377\000F\000u\000n\000c\000t\000i\000o\000n\000/\000S\000u\000b\000r\000o\000u\000t\000i\000n\000e\000\040\000D\000o\000c\000u\000m\000e\000n\000t\000a\000t\000i\000o\000n}{section.4.35}% 351
\BOOKMARK [3][-]{subsubsection.4.35.2.1}{\376\377\000w\000a\000r\000n\000i\000n\000g}{subsection.4.35.2}% 352
